<?xml version="1.0" encoding="UTF-8"?>
<robot generator="Robot 6.1.1 (Python 3.13.5 on win32)" generated="20251116 14:14:41.478" rpa="false" schemaversion="4">
<suite id="s1" name="Test" source="F:\TKH\Semester 1\Embedded System\Project 2\Semi Automated\Final_Sub\test.robot">
<kw name="Open Serial Connection" type="SETUP">
<kw name="Add Port" library="SerialLibrary">
<arg>${PORT}</arg>
<arg>baudrate=${BAUDRATE}</arg>
<arg>timeout=${TIMEOUT}</arg>
<doc>Adds new port with specified locator.</doc>
<status status="PASS" starttime="20251116 14:14:41.543" endtime="20251116 14:14:41.545"/>
</kw>
<kw name="Open Port" library="SerialLibrary">
<arg>${PORT}</arg>
<doc>Opens specified port.</doc>
<status status="PASS" starttime="20251116 14:14:41.545" endtime="20251116 14:14:41.546"/>
</kw>
<kw name="Flush Port" library="SerialLibrary">
<arg>${PORT}</arg>
<doc>Flush port so that all waiting data is processed.</doc>
<status status="PASS" starttime="20251116 14:14:41.546" endtime="20251116 14:14:41.546"/>
</kw>
<kw name="Sleep" library="BuiltIn">
<arg>3s</arg>
<doc>Pauses the test executed for the given time.</doc>
<msg timestamp="20251116 14:14:44.547" level="INFO">Slept 3 seconds</msg>
<status status="PASS" starttime="20251116 14:14:41.546" endtime="20251116 14:14:44.548"/>
</kw>
<kw name="Log To Console" library="BuiltIn">
<arg>Connected to ${PORT}</arg>
<doc>Logs the given message to the console.</doc>
<status status="PASS" starttime="20251116 14:14:44.548" endtime="20251116 14:14:44.549"/>
</kw>
<status status="PASS" starttime="20251116 14:14:41.542" endtime="20251116 14:14:44.549"/>
</kw>
<test id="s1-t1" name="1 System Initialization" line="58">
<kw name="Sleep" library="BuiltIn">
<arg>5s</arg>
<doc>Pauses the test executed for the given time.</doc>
<msg timestamp="20251116 14:14:49.552" level="INFO">Slept 5 seconds</msg>
<status status="PASS" starttime="20251116 14:14:44.551" endtime="20251116 14:14:49.552"/>
</kw>
<kw name="Read Response">
<var>${msg}</var>
<arg>5</arg>
<kw name="Read Until" library="SerialLibrary">
<var>${resp}</var>
<arg>${NEWLINE}</arg>
<arg>timeout=${timeout}</arg>
<doc>Read until a termination sequence is found, size exceeded or timeout.</doc>
<msg timestamp="20251116 14:14:49.556" level="INFO">${resp} = === SYSTEM READY ===
</msg>
<status status="PASS" starttime="20251116 14:14:49.554" endtime="20251116 14:14:49.556"/>
</kw>
<kw name="Strip String" library="String">
<var>${resp}</var>
<arg>${resp}</arg>
<doc>Remove leading and/or trailing whitespaces from the given string.</doc>
<msg timestamp="20251116 14:14:49.557" level="INFO">${resp} = === SYSTEM READY ===</msg>
<status status="PASS" starttime="20251116 14:14:49.556" endtime="20251116 14:14:49.557"/>
</kw>
<kw name="Replace String" library="String">
<var>${resp}</var>
<arg>${resp}</arg>
<arg>\r</arg>
<arg>${EMPTY}</arg>
<doc>Replaces ``search_for`` in the given ``string`` with ``replace_with``.</doc>
<msg timestamp="20251116 14:14:49.558" level="INFO">${resp} = === SYSTEM READY ===</msg>
<status status="PASS" starttime="20251116 14:14:49.557" endtime="20251116 14:14:49.558"/>
</kw>
<kw name="Log To Console" library="BuiltIn">
<arg>Received: ${resp}</arg>
<doc>Logs the given message to the console.</doc>
<status status="PASS" starttime="20251116 14:14:49.558" endtime="20251116 14:14:49.559"/>
</kw>
<msg timestamp="20251116 14:14:49.559" level="INFO">${msg} = === SYSTEM READY ===</msg>
<status status="PASS" starttime="20251116 14:14:49.553" endtime="20251116 14:14:49.560"/>
</kw>
<kw name="Verify Contains">
<arg>${msg}</arg>
<arg>SYSTEM READY</arg>
<kw name="Should Contain" library="BuiltIn">
<arg>${text}</arg>
<arg>${expected}</arg>
<doc>Fails if ``container`` does not contain ``item`` one or more times.</doc>
<status status="PASS" starttime="20251116 14:14:49.561" endtime="20251116 14:14:49.562"/>
</kw>
<status status="PASS" starttime="20251116 14:14:49.560" endtime="20251116 14:14:49.562"/>
</kw>
<status status="PASS" starttime="20251116 14:14:44.549" endtime="20251116 14:14:49.563"/>
</test>
<test id="s1-t2" name="2 Temperature Displayed on LCD" line="63">
<kw name="Send Command">
<arg>get_temp</arg>
<kw name="Flush Port" library="SerialLibrary">
<arg>${PORT}</arg>
<doc>Flush port so that all waiting data is processed.</doc>
<status status="PASS" starttime="20251116 14:14:49.566" endtime="20251116 14:14:49.567"/>
</kw>
<kw name="Write Data" library="SerialLibrary">
<arg>${cmd}${NEWLINE}</arg>
<doc>Writes data into the port.</doc>
<status status="PASS" starttime="20251116 14:14:49.567" endtime="20251116 14:14:49.568"/>
</kw>
<kw name="Sleep" library="BuiltIn">
<arg>0.5s</arg>
<doc>Pauses the test executed for the given time.</doc>
<msg timestamp="20251116 14:14:50.069" level="INFO">Slept 500 milliseconds</msg>
<status status="PASS" starttime="20251116 14:14:49.568" endtime="20251116 14:14:50.070"/>
</kw>
<kw name="Log To Console" library="BuiltIn">
<arg>Sent: ${cmd}</arg>
<doc>Logs the given message to the console.</doc>
<status status="PASS" starttime="20251116 14:14:50.070" endtime="20251116 14:14:50.071"/>
</kw>
<status status="PASS" starttime="20251116 14:14:49.566" endtime="20251116 14:14:50.071"/>
</kw>
<kw name="Read Response">
<var>${resp}</var>
<kw name="Read Until" library="SerialLibrary">
<var>${resp}</var>
<arg>${NEWLINE}</arg>
<arg>timeout=${timeout}</arg>
<doc>Read until a termination sequence is found, size exceeded or timeout.</doc>
<msg timestamp="20251116 14:14:50.075" level="INFO">${resp} = Type 'help' for commands.
</msg>
<status status="PASS" starttime="20251116 14:14:50.073" endtime="20251116 14:14:50.075"/>
</kw>
<kw name="Strip String" library="String">
<var>${resp}</var>
<arg>${resp}</arg>
<doc>Remove leading and/or trailing whitespaces from the given string.</doc>
<msg timestamp="20251116 14:14:50.075" level="INFO">${resp} = Type 'help' for commands.</msg>
<status status="PASS" starttime="20251116 14:14:50.075" endtime="20251116 14:14:50.075"/>
</kw>
<kw name="Replace String" library="String">
<var>${resp}</var>
<arg>${resp}</arg>
<arg>\r</arg>
<arg>${EMPTY}</arg>
<doc>Replaces ``search_for`` in the given ``string`` with ``replace_with``.</doc>
<msg timestamp="20251116 14:14:50.077" level="INFO">${resp} = Type 'help' for commands.</msg>
<status status="PASS" starttime="20251116 14:14:50.076" endtime="20251116 14:14:50.077"/>
</kw>
<kw name="Log To Console" library="BuiltIn">
<arg>Received: ${resp}</arg>
<doc>Logs the given message to the console.</doc>
<status status="PASS" starttime="20251116 14:14:50.077" endtime="20251116 14:14:50.078"/>
</kw>
<msg timestamp="20251116 14:14:50.078" level="INFO">${resp} = Type 'help' for commands.</msg>
<status status="PASS" starttime="20251116 14:14:50.072" endtime="20251116 14:14:50.078"/>
</kw>
<while condition="$resp == &quot;Type 'help' for commands.&quot; or $resp == &quot;&quot;">
<iter>
<kw name="Read Response">
<var>${resp}</var>
<kw name="Read Until" library="SerialLibrary">
<var>${resp}</var>
<arg>${NEWLINE}</arg>
<arg>timeout=${timeout}</arg>
<doc>Read until a termination sequence is found, size exceeded or timeout.</doc>
<msg timestamp="20251116 14:14:50.082" level="INFO">${resp} = TEMP: 64.0 (SENSOR)
</msg>
<status status="PASS" starttime="20251116 14:14:50.081" endtime="20251116 14:14:50.082"/>
</kw>
<kw name="Strip String" library="String">
<var>${resp}</var>
<arg>${resp}</arg>
<doc>Remove leading and/or trailing whitespaces from the given string.</doc>
<msg timestamp="20251116 14:14:50.083" level="INFO">${resp} = TEMP: 64.0 (SENSOR)</msg>
<status status="PASS" starttime="20251116 14:14:50.082" endtime="20251116 14:14:50.083"/>
</kw>
<kw name="Replace String" library="String">
<var>${resp}</var>
<arg>${resp}</arg>
<arg>\r</arg>
<arg>${EMPTY}</arg>
<doc>Replaces ``search_for`` in the given ``string`` with ``replace_with``.</doc>
<msg timestamp="20251116 14:14:50.084" level="INFO">${resp} = TEMP: 64.0 (SENSOR)</msg>
<status status="PASS" starttime="20251116 14:14:50.083" endtime="20251116 14:14:50.084"/>
</kw>
<kw name="Log To Console" library="BuiltIn">
<arg>Received: ${resp}</arg>
<doc>Logs the given message to the console.</doc>
<status status="PASS" starttime="20251116 14:14:50.084" endtime="20251116 14:14:50.086"/>
</kw>
<msg timestamp="20251116 14:14:50.087" level="INFO">${resp} = TEMP: 64.0 (SENSOR)</msg>
<status status="PASS" starttime="20251116 14:14:50.080" endtime="20251116 14:14:50.087"/>
</kw>
<status status="PASS" starttime="20251116 14:14:50.080" endtime="20251116 14:14:50.087"/>
</iter>
<status status="PASS" starttime="20251116 14:14:50.080" endtime="20251116 14:14:50.087"/>
</while>
<kw name="Verify Contains">
<arg>${resp}</arg>
<arg>TEMP:</arg>
<kw name="Should Contain" library="BuiltIn">
<arg>${text}</arg>
<arg>${expected}</arg>
<doc>Fails if ``container`` does not contain ``item`` one or more times.</doc>
<status status="PASS" starttime="20251116 14:14:50.089" endtime="20251116 14:14:50.089"/>
</kw>
<status status="PASS" starttime="20251116 14:14:50.088" endtime="20251116 14:14:50.090"/>
</kw>
<status status="PASS" starttime="20251116 14:14:49.564" endtime="20251116 14:14:50.091"/>
</test>
<test id="s1-t3" name="3 Temperature Updates Every 2 Seconds" line="71">
<kw name="Send Command">
<arg>get_temp</arg>
<kw name="Flush Port" library="SerialLibrary">
<arg>${PORT}</arg>
<doc>Flush port so that all waiting data is processed.</doc>
<status status="PASS" starttime="20251116 14:14:50.095" endtime="20251116 14:14:50.095"/>
</kw>
<kw name="Write Data" library="SerialLibrary">
<arg>${cmd}${NEWLINE}</arg>
<doc>Writes data into the port.</doc>
<status status="PASS" starttime="20251116 14:14:50.095" endtime="20251116 14:14:50.096"/>
</kw>
<kw name="Sleep" library="BuiltIn">
<arg>0.5s</arg>
<doc>Pauses the test executed for the given time.</doc>
<msg timestamp="20251116 14:14:50.597" level="INFO">Slept 500 milliseconds</msg>
<status status="PASS" starttime="20251116 14:14:50.096" endtime="20251116 14:14:50.598"/>
</kw>
<kw name="Log To Console" library="BuiltIn">
<arg>Sent: ${cmd}</arg>
<doc>Logs the given message to the console.</doc>
<status status="PASS" starttime="20251116 14:14:50.598" endtime="20251116 14:14:50.599"/>
</kw>
<status status="PASS" starttime="20251116 14:14:50.094" endtime="20251116 14:14:50.599"/>
</kw>
<kw name="Read Response">
<var>${t1}</var>
<kw name="Read Until" library="SerialLibrary">
<var>${resp}</var>
<arg>${NEWLINE}</arg>
<arg>timeout=${timeout}</arg>
<doc>Read until a termination sequence is found, size exceeded or timeout.</doc>
<msg timestamp="20251116 14:14:50.603" level="INFO">${resp} = TEMP: 63.6 (SENSOR)
</msg>
<status status="PASS" starttime="20251116 14:14:50.601" endtime="20251116 14:14:50.603"/>
</kw>
<kw name="Strip String" library="String">
<var>${resp}</var>
<arg>${resp}</arg>
<doc>Remove leading and/or trailing whitespaces from the given string.</doc>
<msg timestamp="20251116 14:14:50.604" level="INFO">${resp} = TEMP: 63.6 (SENSOR)</msg>
<status status="PASS" starttime="20251116 14:14:50.603" endtime="20251116 14:14:50.604"/>
</kw>
<kw name="Replace String" library="String">
<var>${resp}</var>
<arg>${resp}</arg>
<arg>\r</arg>
<arg>${EMPTY}</arg>
<doc>Replaces ``search_for`` in the given ``string`` with ``replace_with``.</doc>
<msg timestamp="20251116 14:14:50.606" level="INFO">${resp} = TEMP: 63.6 (SENSOR)</msg>
<status status="PASS" starttime="20251116 14:14:50.604" endtime="20251116 14:14:50.606"/>
</kw>
<kw name="Log To Console" library="BuiltIn">
<arg>Received: ${resp}</arg>
<doc>Logs the given message to the console.</doc>
<status status="PASS" starttime="20251116 14:14:50.606" endtime="20251116 14:14:50.607"/>
</kw>
<msg timestamp="20251116 14:14:50.607" level="INFO">${t1} = TEMP: 63.6 (SENSOR)</msg>
<status status="PASS" starttime="20251116 14:14:50.600" endtime="20251116 14:14:50.608"/>
</kw>
<kw name="Sleep" library="BuiltIn">
<arg>2.5s</arg>
<doc>Pauses the test executed for the given time.</doc>
<msg timestamp="20251116 14:14:53.109" level="INFO">Slept 2 seconds 500 milliseconds</msg>
<status status="PASS" starttime="20251116 14:14:50.608" endtime="20251116 14:14:53.109"/>
</kw>
<kw name="Send Command">
<arg>get_temp</arg>
<kw name="Flush Port" library="SerialLibrary">
<arg>${PORT}</arg>
<doc>Flush port so that all waiting data is processed.</doc>
<status status="PASS" starttime="20251116 14:14:53.111" endtime="20251116 14:14:53.111"/>
</kw>
<kw name="Write Data" library="SerialLibrary">
<arg>${cmd}${NEWLINE}</arg>
<doc>Writes data into the port.</doc>
<status status="PASS" starttime="20251116 14:14:53.112" endtime="20251116 14:14:53.113"/>
</kw>
<kw name="Sleep" library="BuiltIn">
<arg>0.5s</arg>
<doc>Pauses the test executed for the given time.</doc>
<msg timestamp="20251116 14:14:53.614" level="INFO">Slept 500 milliseconds</msg>
<status status="PASS" starttime="20251116 14:14:53.113" endtime="20251116 14:14:53.615"/>
</kw>
<kw name="Log To Console" library="BuiltIn">
<arg>Sent: ${cmd}</arg>
<doc>Logs the given message to the console.</doc>
<status status="PASS" starttime="20251116 14:14:53.615" endtime="20251116 14:14:53.616"/>
</kw>
<status status="PASS" starttime="20251116 14:14:53.110" endtime="20251116 14:14:53.616"/>
</kw>
<kw name="Read Response">
<var>${t2}</var>
<kw name="Read Until" library="SerialLibrary">
<var>${resp}</var>
<arg>${NEWLINE}</arg>
<arg>timeout=${timeout}</arg>
<doc>Read until a termination sequence is found, size exceeded or timeout.</doc>
<msg timestamp="20251116 14:14:53.618" level="INFO">${resp} = TEMP: 67.8 (SENSOR)
</msg>
<status status="PASS" starttime="20251116 14:14:53.617" endtime="20251116 14:14:53.619"/>
</kw>
<kw name="Strip String" library="String">
<var>${resp}</var>
<arg>${resp}</arg>
<doc>Remove leading and/or trailing whitespaces from the given string.</doc>
<msg timestamp="20251116 14:14:53.621" level="INFO">${resp} = TEMP: 67.8 (SENSOR)</msg>
<status status="PASS" starttime="20251116 14:14:53.621" endtime="20251116 14:14:53.622"/>
</kw>
<kw name="Replace String" library="String">
<var>${resp}</var>
<arg>${resp}</arg>
<arg>\r</arg>
<arg>${EMPTY}</arg>
<doc>Replaces ``search_for`` in the given ``string`` with ``replace_with``.</doc>
<msg timestamp="20251116 14:14:53.623" level="INFO">${resp} = TEMP: 67.8 (SENSOR)</msg>
<status status="PASS" starttime="20251116 14:14:53.622" endtime="20251116 14:14:53.623"/>
</kw>
<kw name="Log To Console" library="BuiltIn">
<arg>Received: ${resp}</arg>
<doc>Logs the given message to the console.</doc>
<status status="PASS" starttime="20251116 14:14:53.623" endtime="20251116 14:14:53.624"/>
</kw>
<msg timestamp="20251116 14:14:53.625" level="INFO">${t2} = TEMP: 67.8 (SENSOR)</msg>
<status status="PASS" starttime="20251116 14:14:53.616" endtime="20251116 14:14:53.625"/>
</kw>
<kw name="Verify Contains">
<arg>${t1}</arg>
<arg>TEMP:</arg>
<kw name="Should Contain" library="BuiltIn">
<arg>${text}</arg>
<arg>${expected}</arg>
<doc>Fails if ``container`` does not contain ``item`` one or more times.</doc>
<status status="PASS" starttime="20251116 14:14:53.627" endtime="20251116 14:14:53.628"/>
</kw>
<status status="PASS" starttime="20251116 14:14:53.626" endtime="20251116 14:14:53.628"/>
</kw>
<kw name="Verify Contains">
<arg>${t2}</arg>
<arg>TEMP:</arg>
<kw name="Should Contain" library="BuiltIn">
<arg>${text}</arg>
<arg>${expected}</arg>
<doc>Fails if ``container`` does not contain ``item`` one or more times.</doc>
<status status="PASS" starttime="20251116 14:14:53.630" endtime="20251116 14:14:53.631"/>
</kw>
<status status="PASS" starttime="20251116 14:14:53.629" endtime="20251116 14:14:53.631"/>
</kw>
<status status="PASS" starttime="20251116 14:14:50.093" endtime="20251116 14:14:53.632"/>
</test>
<test id="s1-t4" name="4 High and Low Limits Displayed" line="80">
<kw name="Send Command">
<arg>print_limits</arg>
<kw name="Flush Port" library="SerialLibrary">
<arg>${PORT}</arg>
<doc>Flush port so that all waiting data is processed.</doc>
<status status="PASS" starttime="20251116 14:14:53.637" endtime="20251116 14:14:53.638"/>
</kw>
<kw name="Write Data" library="SerialLibrary">
<arg>${cmd}${NEWLINE}</arg>
<doc>Writes data into the port.</doc>
<status status="PASS" starttime="20251116 14:14:53.638" endtime="20251116 14:14:53.639"/>
</kw>
<kw name="Sleep" library="BuiltIn">
<arg>0.5s</arg>
<doc>Pauses the test executed for the given time.</doc>
<msg timestamp="20251116 14:14:54.141" level="INFO">Slept 500 milliseconds</msg>
<status status="PASS" starttime="20251116 14:14:53.640" endtime="20251116 14:14:54.141"/>
</kw>
<kw name="Log To Console" library="BuiltIn">
<arg>Sent: ${cmd}</arg>
<doc>Logs the given message to the console.</doc>
<status status="PASS" starttime="20251116 14:14:54.142" endtime="20251116 14:14:54.142"/>
</kw>
<status status="PASS" starttime="20251116 14:14:53.637" endtime="20251116 14:14:54.143"/>
</kw>
<kw name="Read Response">
<var>${resp}</var>
<kw name="Read Until" library="SerialLibrary">
<var>${resp}</var>
<arg>${NEWLINE}</arg>
<arg>timeout=${timeout}</arg>
<doc>Read until a termination sequence is found, size exceeded or timeout.</doc>
<msg timestamp="20251116 14:14:54.146" level="INFO">${resp} = LOW:20.00HIGH:30.00
</msg>
<status status="PASS" starttime="20251116 14:14:54.144" endtime="20251116 14:14:54.146"/>
</kw>
<kw name="Strip String" library="String">
<var>${resp}</var>
<arg>${resp}</arg>
<doc>Remove leading and/or trailing whitespaces from the given string.</doc>
<msg timestamp="20251116 14:14:54.146" level="INFO">${resp} = LOW:20.00HIGH:30.00</msg>
<status status="PASS" starttime="20251116 14:14:54.146" endtime="20251116 14:14:54.146"/>
</kw>
<kw name="Replace String" library="String">
<var>${resp}</var>
<arg>${resp}</arg>
<arg>\r</arg>
<arg>${EMPTY}</arg>
<doc>Replaces ``search_for`` in the given ``string`` with ``replace_with``.</doc>
<msg timestamp="20251116 14:14:54.147" level="INFO">${resp} = LOW:20.00HIGH:30.00</msg>
<status status="PASS" starttime="20251116 14:14:54.146" endtime="20251116 14:14:54.147"/>
</kw>
<kw name="Log To Console" library="BuiltIn">
<arg>Received: ${resp}</arg>
<doc>Logs the given message to the console.</doc>
<status status="PASS" starttime="20251116 14:14:54.148" endtime="20251116 14:14:54.148"/>
</kw>
<msg timestamp="20251116 14:14:54.149" level="INFO">${resp} = LOW:20.00HIGH:30.00</msg>
<status status="PASS" starttime="20251116 14:14:54.144" endtime="20251116 14:14:54.149"/>
</kw>
<while condition="'${resp}' == ''">
<iter>
<kw name="Read Response">
<var>${resp}</var>
<status status="NOT RUN" starttime="20251116 14:14:54.151" endtime="20251116 14:14:54.151"/>
</kw>
<status status="NOT RUN" starttime="20251116 14:14:54.150" endtime="20251116 14:14:54.151"/>
</iter>
<status status="NOT RUN" starttime="20251116 14:14:54.150" endtime="20251116 14:14:54.151"/>
</while>
<kw name="Should Contain" library="BuiltIn">
<arg>${resp}</arg>
<arg>LOW:</arg>
<doc>Fails if ``container`` does not contain ``item`` one or more times.</doc>
<status status="PASS" starttime="20251116 14:14:54.152" endtime="20251116 14:14:54.153"/>
</kw>
<kw name="Should Contain" library="BuiltIn">
<arg>${resp}</arg>
<arg>HIGH:</arg>
<doc>Fails if ``container`` does not contain ``item`` one or more times.</doc>
<status status="PASS" starttime="20251116 14:14:54.154" endtime="20251116 14:14:54.155"/>
</kw>
<status status="PASS" starttime="20251116 14:14:53.635" endtime="20251116 14:14:54.156"/>
</test>
<test id="s1-t5" name="5 Decimal Temperature Values Accepted" line="89">
<kw name="Send Command">
<arg>set_temp=27.5</arg>
<kw name="Flush Port" library="SerialLibrary">
<arg>${PORT}</arg>
<doc>Flush port so that all waiting data is processed.</doc>
<status status="PASS" starttime="20251116 14:14:54.164" endtime="20251116 14:14:54.165"/>
</kw>
<kw name="Write Data" library="SerialLibrary">
<arg>${cmd}${NEWLINE}</arg>
<doc>Writes data into the port.</doc>
<status status="PASS" starttime="20251116 14:14:54.165" endtime="20251116 14:14:54.167"/>
</kw>
<kw name="Sleep" library="BuiltIn">
<arg>0.5s</arg>
<doc>Pauses the test executed for the given time.</doc>
<msg timestamp="20251116 14:14:54.669" level="INFO">Slept 500 milliseconds</msg>
<status status="PASS" starttime="20251116 14:14:54.168" endtime="20251116 14:14:54.669"/>
</kw>
<kw name="Log To Console" library="BuiltIn">
<arg>Sent: ${cmd}</arg>
<doc>Logs the given message to the console.</doc>
<status status="PASS" starttime="20251116 14:14:54.670" endtime="20251116 14:14:54.670"/>
</kw>
<status status="PASS" starttime="20251116 14:14:54.160" endtime="20251116 14:14:54.671"/>
</kw>
<kw name="Read Response">
<var>${resp}</var>
<kw name="Read Until" library="SerialLibrary">
<var>${resp}</var>
<arg>${NEWLINE}</arg>
<arg>timeout=${timeout}</arg>
<doc>Read until a termination sequence is found, size exceeded or timeout.</doc>
<msg timestamp="20251116 14:14:54.674" level="INFO">${resp} = OK: Temp set to  27.5 C (MANUAL)
</msg>
<status status="PASS" starttime="20251116 14:14:54.672" endtime="20251116 14:14:54.674"/>
</kw>
<kw name="Strip String" library="String">
<var>${resp}</var>
<arg>${resp}</arg>
<doc>Remove leading and/or trailing whitespaces from the given string.</doc>
<msg timestamp="20251116 14:14:54.674" level="INFO">${resp} = OK: Temp set to  27.5 C (MANUAL)</msg>
<status status="PASS" starttime="20251116 14:14:54.674" endtime="20251116 14:14:54.674"/>
</kw>
<kw name="Replace String" library="String">
<var>${resp}</var>
<arg>${resp}</arg>
<arg>\r</arg>
<arg>${EMPTY}</arg>
<doc>Replaces ``search_for`` in the given ``string`` with ``replace_with``.</doc>
<msg timestamp="20251116 14:14:54.676" level="INFO">${resp} = OK: Temp set to  27.5 C (MANUAL)</msg>
<status status="PASS" starttime="20251116 14:14:54.675" endtime="20251116 14:14:54.676"/>
</kw>
<kw name="Log To Console" library="BuiltIn">
<arg>Received: ${resp}</arg>
<doc>Logs the given message to the console.</doc>
<status status="PASS" starttime="20251116 14:14:54.676" endtime="20251116 14:14:54.676"/>
</kw>
<msg timestamp="20251116 14:14:54.677" level="INFO">${resp} = OK: Temp set to  27.5 C (MANUAL)</msg>
<status status="PASS" starttime="20251116 14:14:54.672" endtime="20251116 14:14:54.677"/>
</kw>
<while condition="&quot;OK&quot; not in $resp">
<iter>
<kw name="Read Response">
<var>${resp}</var>
<status status="NOT RUN" starttime="20251116 14:14:54.678" endtime="20251116 14:14:54.678"/>
</kw>
<status status="NOT RUN" starttime="20251116 14:14:54.677" endtime="20251116 14:14:54.678"/>
</iter>
<status status="NOT RUN" starttime="20251116 14:14:54.677" endtime="20251116 14:14:54.678"/>
</while>
<kw name="Verify Contains">
<arg>${resp}</arg>
<arg>OK</arg>
<kw name="Should Contain" library="BuiltIn">
<arg>${text}</arg>
<arg>${expected}</arg>
<doc>Fails if ``container`` does not contain ``item`` one or more times.</doc>
<status status="PASS" starttime="20251116 14:14:54.679" endtime="20251116 14:14:54.680"/>
</kw>
<status status="PASS" starttime="20251116 14:14:54.679" endtime="20251116 14:14:54.680"/>
</kw>
<kw name="Send Command">
<arg>get_temp</arg>
<kw name="Flush Port" library="SerialLibrary">
<arg>${PORT}</arg>
<doc>Flush port so that all waiting data is processed.</doc>
<status status="PASS" starttime="20251116 14:14:54.683" endtime="20251116 14:14:54.697"/>
</kw>
<kw name="Write Data" library="SerialLibrary">
<arg>${cmd}${NEWLINE}</arg>
<doc>Writes data into the port.</doc>
<status status="PASS" starttime="20251116 14:14:54.697" endtime="20251116 14:14:54.698"/>
</kw>
<kw name="Sleep" library="BuiltIn">
<arg>0.5s</arg>
<doc>Pauses the test executed for the given time.</doc>
<msg timestamp="20251116 14:14:55.199" level="INFO">Slept 500 milliseconds</msg>
<status status="PASS" starttime="20251116 14:14:54.698" endtime="20251116 14:14:55.199"/>
</kw>
<kw name="Log To Console" library="BuiltIn">
<arg>Sent: ${cmd}</arg>
<doc>Logs the given message to the console.</doc>
<status status="PASS" starttime="20251116 14:14:55.200" endtime="20251116 14:14:55.201"/>
</kw>
<status status="PASS" starttime="20251116 14:14:54.681" endtime="20251116 14:14:55.201"/>
</kw>
<kw name="Read Response">
<var>${resp}</var>
<kw name="Read Until" library="SerialLibrary">
<var>${resp}</var>
<arg>${NEWLINE}</arg>
<arg>timeout=${timeout}</arg>
<doc>Read until a termination sequence is found, size exceeded or timeout.</doc>
<msg timestamp="20251116 14:14:55.204" level="INFO">${resp} = TEMP: 27.5 (MANUAL)
</msg>
<status status="PASS" starttime="20251116 14:14:55.202" endtime="20251116 14:14:55.204"/>
</kw>
<kw name="Strip String" library="String">
<var>${resp}</var>
<arg>${resp}</arg>
<doc>Remove leading and/or trailing whitespaces from the given string.</doc>
<msg timestamp="20251116 14:14:55.205" level="INFO">${resp} = TEMP: 27.5 (MANUAL)</msg>
<status status="PASS" starttime="20251116 14:14:55.204" endtime="20251116 14:14:55.205"/>
</kw>
<kw name="Replace String" library="String">
<var>${resp}</var>
<arg>${resp}</arg>
<arg>\r</arg>
<arg>${EMPTY}</arg>
<doc>Replaces ``search_for`` in the given ``string`` with ``replace_with``.</doc>
<msg timestamp="20251116 14:14:55.206" level="INFO">${resp} = TEMP: 27.5 (MANUAL)</msg>
<status status="PASS" starttime="20251116 14:14:55.205" endtime="20251116 14:14:55.206"/>
</kw>
<kw name="Log To Console" library="BuiltIn">
<arg>Received: ${resp}</arg>
<doc>Logs the given message to the console.</doc>
<status status="PASS" starttime="20251116 14:14:55.206" endtime="20251116 14:14:55.207"/>
</kw>
<msg timestamp="20251116 14:14:55.208" level="INFO">${resp} = TEMP: 27.5 (MANUAL)</msg>
<status status="PASS" starttime="20251116 14:14:55.201" endtime="20251116 14:14:55.208"/>
</kw>
<kw name="Should Contain" library="BuiltIn">
<arg>${resp}</arg>
<arg>27.5</arg>
<doc>Fails if ``container`` does not contain ``item`` one or more times.</doc>
<status status="PASS" starttime="20251116 14:14:55.209" endtime="20251116 14:14:55.209"/>
</kw>
<status status="PASS" starttime="20251116 14:14:54.158" endtime="20251116 14:14:55.210"/>
</test>
<test id="s1-t6" name="6 Manual Button High Limit Increase" line="101">
<kw name="Log To Console" library="BuiltIn">
<arg>Pausing for 5 seconds. Please press the HIGH INC button manually.</arg>
<doc>Logs the given message to the console.</doc>
<status status="PASS" starttime="20251116 14:14:55.215" endtime="20251116 14:14:55.216"/>
</kw>
<kw name="Sleep" library="BuiltIn">
<arg>5s</arg>
<doc>Pauses the test executed for the given time.</doc>
<msg timestamp="20251116 14:15:00.218" level="INFO">Slept 5 seconds</msg>
<status status="PASS" starttime="20251116 14:14:55.217" endtime="20251116 14:15:00.218"/>
</kw>
<kw name="Read Response">
<var>${resp}</var>
<kw name="Read Until" library="SerialLibrary">
<var>${resp}</var>
<arg>${NEWLINE}</arg>
<arg>timeout=${timeout}</arg>
<doc>Read until a termination sequence is found, size exceeded or timeout.</doc>
<msg timestamp="20251116 14:15:00.223" level="INFO">${resp} = OK: High limit set to  31.0
</msg>
<status status="PASS" starttime="20251116 14:15:00.220" endtime="20251116 14:15:00.223"/>
</kw>
<kw name="Strip String" library="String">
<var>${resp}</var>
<arg>${resp}</arg>
<doc>Remove leading and/or trailing whitespaces from the given string.</doc>
<msg timestamp="20251116 14:15:00.223" level="INFO">${resp} = OK: High limit set to  31.0</msg>
<status status="PASS" starttime="20251116 14:15:00.223" endtime="20251116 14:15:00.223"/>
</kw>
<kw name="Replace String" library="String">
<var>${resp}</var>
<arg>${resp}</arg>
<arg>\r</arg>
<arg>${EMPTY}</arg>
<doc>Replaces ``search_for`` in the given ``string`` with ``replace_with``.</doc>
<msg timestamp="20251116 14:15:00.224" level="INFO">${resp} = OK: High limit set to  31.0</msg>
<status status="PASS" starttime="20251116 14:15:00.223" endtime="20251116 14:15:00.224"/>
</kw>
<kw name="Log To Console" library="BuiltIn">
<arg>Received: ${resp}</arg>
<doc>Logs the given message to the console.</doc>
<status status="PASS" starttime="20251116 14:15:00.225" endtime="20251116 14:15:00.225"/>
</kw>
<msg timestamp="20251116 14:15:00.226" level="INFO">${resp} = OK: High limit set to  31.0</msg>
<status status="PASS" starttime="20251116 14:15:00.220" endtime="20251116 14:15:00.226"/>
</kw>
<kw name="Should Contain" library="BuiltIn">
<arg>${resp}</arg>
<arg>OK: High limit set to</arg>
<doc>Fails if ``container`` does not contain ``item`` one or more times.</doc>
<status status="PASS" starttime="20251116 14:15:00.227" endtime="20251116 14:15:00.227"/>
</kw>
<status status="PASS" starttime="20251116 14:14:55.213" endtime="20251116 14:15:00.229"/>
</test>
<test id="s1-t7" name="7 Manual Button High Limit Decrease" line="107">
<kw name="Log To Console" library="BuiltIn">
<arg>Pausing for 5 seconds. Please press the HIGH DEC button manually.</arg>
<doc>Logs the given message to the console.</doc>
<status status="PASS" starttime="20251116 14:15:00.234" endtime="20251116 14:15:00.234"/>
</kw>
<kw name="Sleep" library="BuiltIn">
<arg>5s</arg>
<doc>Pauses the test executed for the given time.</doc>
<msg timestamp="20251116 14:15:05.237" level="INFO">Slept 5 seconds</msg>
<status status="PASS" starttime="20251116 14:15:00.235" endtime="20251116 14:15:05.237"/>
</kw>
<kw name="Read Response">
<var>${resp}</var>
<kw name="Read Until" library="SerialLibrary">
<var>${resp}</var>
<arg>${NEWLINE}</arg>
<arg>timeout=${timeout}</arg>
<doc>Read until a termination sequence is found, size exceeded or timeout.</doc>
<msg timestamp="20251116 14:15:05.241" level="INFO">${resp} = OK: High limit set to  30.0
</msg>
<status status="PASS" starttime="20251116 14:15:05.239" endtime="20251116 14:15:05.241"/>
</kw>
<kw name="Strip String" library="String">
<var>${resp}</var>
<arg>${resp}</arg>
<doc>Remove leading and/or trailing whitespaces from the given string.</doc>
<msg timestamp="20251116 14:15:05.241" level="INFO">${resp} = OK: High limit set to  30.0</msg>
<status status="PASS" starttime="20251116 14:15:05.241" endtime="20251116 14:15:05.241"/>
</kw>
<kw name="Replace String" library="String">
<var>${resp}</var>
<arg>${resp}</arg>
<arg>\r</arg>
<arg>${EMPTY}</arg>
<doc>Replaces ``search_for`` in the given ``string`` with ``replace_with``.</doc>
<msg timestamp="20251116 14:15:05.242" level="INFO">${resp} = OK: High limit set to  30.0</msg>
<status status="PASS" starttime="20251116 14:15:05.241" endtime="20251116 14:15:05.243"/>
</kw>
<kw name="Log To Console" library="BuiltIn">
<arg>Received: ${resp}</arg>
<doc>Logs the given message to the console.</doc>
<status status="PASS" starttime="20251116 14:15:05.243" endtime="20251116 14:15:05.244"/>
</kw>
<msg timestamp="20251116 14:15:05.244" level="INFO">${resp} = OK: High limit set to  30.0</msg>
<status status="PASS" starttime="20251116 14:15:05.238" endtime="20251116 14:15:05.244"/>
</kw>
<kw name="Should Contain" library="BuiltIn">
<arg>${resp}</arg>
<arg>OK: High limit set to</arg>
<doc>Fails if ``container`` does not contain ``item`` one or more times.</doc>
<status status="PASS" starttime="20251116 14:15:05.245" endtime="20251116 14:15:05.245"/>
</kw>
<status status="PASS" starttime="20251116 14:15:00.232" endtime="20251116 14:15:05.247"/>
</test>
<test id="s1-t8" name="8 Manual Button Low Limit Increase" line="113">
<kw name="Log To Console" library="BuiltIn">
<arg>Pausing for 5 seconds. Please press the LOW INC button manually.</arg>
<doc>Logs the given message to the console.</doc>
<status status="PASS" starttime="20251116 14:15:05.251" endtime="20251116 14:15:05.252"/>
</kw>
<kw name="Sleep" library="BuiltIn">
<arg>5s</arg>
<doc>Pauses the test executed for the given time.</doc>
<msg timestamp="20251116 14:15:10.254" level="INFO">Slept 5 seconds</msg>
<status status="PASS" starttime="20251116 14:15:05.252" endtime="20251116 14:15:10.254"/>
</kw>
<kw name="Read Response">
<var>${resp}</var>
<kw name="Read Until" library="SerialLibrary">
<var>${resp}</var>
<arg>${NEWLINE}</arg>
<arg>timeout=${timeout}</arg>
<doc>Read until a termination sequence is found, size exceeded or timeout.</doc>
<msg timestamp="20251116 14:15:10.258" level="INFO">${resp} = OK: Low limit set to  21.0
</msg>
<status status="PASS" starttime="20251116 14:15:10.256" endtime="20251116 14:15:10.258"/>
</kw>
<kw name="Strip String" library="String">
<var>${resp}</var>
<arg>${resp}</arg>
<doc>Remove leading and/or trailing whitespaces from the given string.</doc>
<msg timestamp="20251116 14:15:10.259" level="INFO">${resp} = OK: Low limit set to  21.0</msg>
<status status="PASS" starttime="20251116 14:15:10.258" endtime="20251116 14:15:10.259"/>
</kw>
<kw name="Replace String" library="String">
<var>${resp}</var>
<arg>${resp}</arg>
<arg>\r</arg>
<arg>${EMPTY}</arg>
<doc>Replaces ``search_for`` in the given ``string`` with ``replace_with``.</doc>
<msg timestamp="20251116 14:15:10.260" level="INFO">${resp} = OK: Low limit set to  21.0</msg>
<status status="PASS" starttime="20251116 14:15:10.259" endtime="20251116 14:15:10.260"/>
</kw>
<kw name="Log To Console" library="BuiltIn">
<arg>Received: ${resp}</arg>
<doc>Logs the given message to the console.</doc>
<status status="PASS" starttime="20251116 14:15:10.260" endtime="20251116 14:15:10.261"/>
</kw>
<msg timestamp="20251116 14:15:10.261" level="INFO">${resp} = OK: Low limit set to  21.0</msg>
<status status="PASS" starttime="20251116 14:15:10.256" endtime="20251116 14:15:10.261"/>
</kw>
<kw name="Should Contain" library="BuiltIn">
<arg>${resp}</arg>
<arg>OK: Low limit set to</arg>
<doc>Fails if ``container`` does not contain ``item`` one or more times.</doc>
<status status="PASS" starttime="20251116 14:15:10.263" endtime="20251116 14:15:10.263"/>
</kw>
<status status="PASS" starttime="20251116 14:15:05.250" endtime="20251116 14:15:10.264"/>
</test>
<test id="s1-t9" name="9 Manual Button Low Limit Decrease" line="119">
<kw name="Log To Console" library="BuiltIn">
<arg>Pausing for 5 seconds. Please press the LOW DEC button manually.</arg>
<doc>Logs the given message to the console.</doc>
<status status="PASS" starttime="20251116 14:15:10.268" endtime="20251116 14:15:10.269"/>
</kw>
<kw name="Sleep" library="BuiltIn">
<arg>5s</arg>
<doc>Pauses the test executed for the given time.</doc>
<msg timestamp="20251116 14:15:15.272" level="INFO">Slept 5 seconds</msg>
<status status="PASS" starttime="20251116 14:15:10.270" endtime="20251116 14:15:15.272"/>
</kw>
<kw name="Read Response">
<var>${resp}</var>
<kw name="Read Until" library="SerialLibrary">
<var>${resp}</var>
<arg>${NEWLINE}</arg>
<arg>timeout=${timeout}</arg>
<doc>Read until a termination sequence is found, size exceeded or timeout.</doc>
<msg timestamp="20251116 14:15:15.275" level="INFO">${resp} = OK: Low limit set to  20.0
</msg>
<status status="PASS" starttime="20251116 14:15:15.273" endtime="20251116 14:15:15.275"/>
</kw>
<kw name="Strip String" library="String">
<var>${resp}</var>
<arg>${resp}</arg>
<doc>Remove leading and/or trailing whitespaces from the given string.</doc>
<msg timestamp="20251116 14:15:15.276" level="INFO">${resp} = OK: Low limit set to  20.0</msg>
<status status="PASS" starttime="20251116 14:15:15.276" endtime="20251116 14:15:15.276"/>
</kw>
<kw name="Replace String" library="String">
<var>${resp}</var>
<arg>${resp}</arg>
<arg>\r</arg>
<arg>${EMPTY}</arg>
<doc>Replaces ``search_for`` in the given ``string`` with ``replace_with``.</doc>
<msg timestamp="20251116 14:15:15.277" level="INFO">${resp} = OK: Low limit set to  20.0</msg>
<status status="PASS" starttime="20251116 14:15:15.276" endtime="20251116 14:15:15.278"/>
</kw>
<kw name="Log To Console" library="BuiltIn">
<arg>Received: ${resp}</arg>
<doc>Logs the given message to the console.</doc>
<status status="PASS" starttime="20251116 14:15:15.278" endtime="20251116 14:15:15.278"/>
</kw>
<msg timestamp="20251116 14:15:15.279" level="INFO">${resp} = OK: Low limit set to  20.0</msg>
<status status="PASS" starttime="20251116 14:15:15.273" endtime="20251116 14:15:15.279"/>
</kw>
<kw name="Should Contain" library="BuiltIn">
<arg>${resp}</arg>
<arg>OK: Low limit set to</arg>
<doc>Fails if ``container`` does not contain ``item`` one or more times.</doc>
<status status="PASS" starttime="20251116 14:15:15.279" endtime="20251116 14:15:15.280"/>
</kw>
<status status="PASS" starttime="20251116 14:15:10.266" endtime="20251116 14:15:15.280"/>
</test>
<test id="s1-t10" name="10 LEDs Off in Safe Range" line="125">
<kw name="Send Command">
<arg>set_temp=25</arg>
<kw name="Flush Port" library="SerialLibrary">
<arg>${PORT}</arg>
<doc>Flush port so that all waiting data is processed.</doc>
<status status="PASS" starttime="20251116 14:15:15.283" endtime="20251116 14:15:15.283"/>
</kw>
<kw name="Write Data" library="SerialLibrary">
<arg>${cmd}${NEWLINE}</arg>
<doc>Writes data into the port.</doc>
<status status="PASS" starttime="20251116 14:15:15.284" endtime="20251116 14:15:15.284"/>
</kw>
<kw name="Sleep" library="BuiltIn">
<arg>0.5s</arg>
<doc>Pauses the test executed for the given time.</doc>
<msg timestamp="20251116 14:15:15.786" level="INFO">Slept 500 milliseconds</msg>
<status status="PASS" starttime="20251116 14:15:15.285" endtime="20251116 14:15:15.786"/>
</kw>
<kw name="Log To Console" library="BuiltIn">
<arg>Sent: ${cmd}</arg>
<doc>Logs the given message to the console.</doc>
<status status="PASS" starttime="20251116 14:15:15.787" endtime="20251116 14:15:15.788"/>
</kw>
<status status="PASS" starttime="20251116 14:15:15.283" endtime="20251116 14:15:15.788"/>
</kw>
<kw name="Read Response">
<var>${resp}</var>
<kw name="Read Until" library="SerialLibrary">
<var>${resp}</var>
<arg>${NEWLINE}</arg>
<arg>timeout=${timeout}</arg>
<doc>Read until a termination sequence is found, size exceeded or timeout.</doc>
<msg timestamp="20251116 14:15:15.791" level="INFO">${resp} = OK: Temp set to  25.0 C (MANUAL)
</msg>
<status status="PASS" starttime="20251116 14:15:15.789" endtime="20251116 14:15:15.791"/>
</kw>
<kw name="Strip String" library="String">
<var>${resp}</var>
<arg>${resp}</arg>
<doc>Remove leading and/or trailing whitespaces from the given string.</doc>
<msg timestamp="20251116 14:15:15.792" level="INFO">${resp} = OK: Temp set to  25.0 C (MANUAL)</msg>
<status status="PASS" starttime="20251116 14:15:15.791" endtime="20251116 14:15:15.792"/>
</kw>
<kw name="Replace String" library="String">
<var>${resp}</var>
<arg>${resp}</arg>
<arg>\r</arg>
<arg>${EMPTY}</arg>
<doc>Replaces ``search_for`` in the given ``string`` with ``replace_with``.</doc>
<msg timestamp="20251116 14:15:15.793" level="INFO">${resp} = OK: Temp set to  25.0 C (MANUAL)</msg>
<status status="PASS" starttime="20251116 14:15:15.792" endtime="20251116 14:15:15.793"/>
</kw>
<kw name="Log To Console" library="BuiltIn">
<arg>Received: ${resp}</arg>
<doc>Logs the given message to the console.</doc>
<status status="PASS" starttime="20251116 14:15:15.793" endtime="20251116 14:15:15.794"/>
</kw>
<msg timestamp="20251116 14:15:15.794" level="INFO">${resp} = OK: Temp set to  25.0 C (MANUAL)</msg>
<status status="PASS" starttime="20251116 14:15:15.789" endtime="20251116 14:15:15.794"/>
</kw>
<while condition="&quot;OK&quot; not in $resp">
<iter>
<kw name="Read Response">
<var>${resp}</var>
<status status="NOT RUN" starttime="20251116 14:15:15.796" endtime="20251116 14:15:15.796"/>
</kw>
<status status="NOT RUN" starttime="20251116 14:15:15.795" endtime="20251116 14:15:15.796"/>
</iter>
<status status="NOT RUN" starttime="20251116 14:15:15.795" endtime="20251116 14:15:15.796"/>
</while>
<kw name="Verify Status">
<arg>OFF</arg>
<arg>OFF</arg>
<arg>OFF</arg>
<kw name="Get Status">
<var>${status}</var>
<kw name="Send Command">
<arg>get_status</arg>
<kw name="Flush Port" library="SerialLibrary">
<arg>${PORT}</arg>
<doc>Flush port so that all waiting data is processed.</doc>
<status status="PASS" starttime="20251116 14:15:15.799" endtime="20251116 14:15:15.800"/>
</kw>
<kw name="Write Data" library="SerialLibrary">
<arg>${cmd}${NEWLINE}</arg>
<doc>Writes data into the port.</doc>
<status status="PASS" starttime="20251116 14:15:15.800" endtime="20251116 14:15:15.801"/>
</kw>
<kw name="Sleep" library="BuiltIn">
<arg>0.5s</arg>
<doc>Pauses the test executed for the given time.</doc>
<msg timestamp="20251116 14:15:16.303" level="INFO">Slept 500 milliseconds</msg>
<status status="PASS" starttime="20251116 14:15:15.802" endtime="20251116 14:15:16.303"/>
</kw>
<kw name="Log To Console" library="BuiltIn">
<arg>Sent: ${cmd}</arg>
<doc>Logs the given message to the console.</doc>
<status status="PASS" starttime="20251116 14:15:16.303" endtime="20251116 14:15:16.304"/>
</kw>
<status status="PASS" starttime="20251116 14:15:15.798" endtime="20251116 14:15:16.304"/>
</kw>
<kw name="Read Response">
<var>${resp}</var>
<kw name="Read Until" library="SerialLibrary">
<var>${resp}</var>
<arg>${NEWLINE}</arg>
<arg>timeout=${timeout}</arg>
<doc>Read until a termination sequence is found, size exceeded or timeout.</doc>
<msg timestamp="20251116 14:15:16.309" level="INFO">${resp} = LED_STATUS: BLUE=OFFRED=OFFFAN_AND_BUZZER=OFF
</msg>
<status status="PASS" starttime="20251116 14:15:16.305" endtime="20251116 14:15:16.309"/>
</kw>
<kw name="Strip String" library="String">
<var>${resp}</var>
<arg>${resp}</arg>
<doc>Remove leading and/or trailing whitespaces from the given string.</doc>
<msg timestamp="20251116 14:15:16.309" level="INFO">${resp} = LED_STATUS: BLUE=OFFRED=OFFFAN_AND_BUZZER=OFF</msg>
<status status="PASS" starttime="20251116 14:15:16.309" endtime="20251116 14:15:16.309"/>
</kw>
<kw name="Replace String" library="String">
<var>${resp}</var>
<arg>${resp}</arg>
<arg>\r</arg>
<arg>${EMPTY}</arg>
<doc>Replaces ``search_for`` in the given ``string`` with ``replace_with``.</doc>
<msg timestamp="20251116 14:15:16.310" level="INFO">${resp} = LED_STATUS: BLUE=OFFRED=OFFFAN_AND_BUZZER=OFF</msg>
<status status="PASS" starttime="20251116 14:15:16.309" endtime="20251116 14:15:16.310"/>
</kw>
<kw name="Log To Console" library="BuiltIn">
<arg>Received: ${resp}</arg>
<doc>Logs the given message to the console.</doc>
<status status="PASS" starttime="20251116 14:15:16.311" endtime="20251116 14:15:16.311"/>
</kw>
<msg timestamp="20251116 14:15:16.312" level="INFO">${resp} = LED_STATUS: BLUE=OFFRED=OFFFAN_AND_BUZZER=OFF</msg>
<status status="PASS" starttime="20251116 14:15:16.305" endtime="20251116 14:15:16.312"/>
</kw>
<msg timestamp="20251116 14:15:16.313" level="INFO">${status} = LED_STATUS: BLUE=OFFRED=OFFFAN_AND_BUZZER=OFF</msg>
<status status="PASS" starttime="20251116 14:15:15.798" endtime="20251116 14:15:16.313"/>
</kw>
<kw name="Should Contain" library="BuiltIn">
<arg>${status}</arg>
<arg>BLUE=${expected_blue}</arg>
<doc>Fails if ``container`` does not contain ``item`` one or more times.</doc>
<status status="PASS" starttime="20251116 14:15:16.313" endtime="20251116 14:15:16.314"/>
</kw>
<kw name="Should Contain" library="BuiltIn">
<arg>${status}</arg>
<arg>RED=${expected_red}</arg>
<doc>Fails if ``container`` does not contain ``item`` one or more times.</doc>
<status status="PASS" starttime="20251116 14:15:16.314" endtime="20251116 14:15:16.315"/>
</kw>
<kw name="Should Contain" library="BuiltIn">
<arg>${status}</arg>
<arg>FAN_AND_BUZZER=${expected_fan_buzzer}</arg>
<doc>Fails if ``container`` does not contain ``item`` one or more times.</doc>
<status status="PASS" starttime="20251116 14:15:16.315" endtime="20251116 14:15:16.317"/>
</kw>
<status status="PASS" starttime="20251116 14:15:15.797" endtime="20251116 14:15:16.317"/>
</kw>
<status status="PASS" starttime="20251116 14:15:15.282" endtime="20251116 14:15:16.319"/>
</test>
<test id="s1-t11" name="11 Blue LED ON Below Low Limit" line="133">
<kw name="Send Command">
<arg>set_temp=17</arg>
<kw name="Flush Port" library="SerialLibrary">
<arg>${PORT}</arg>
<doc>Flush port so that all waiting data is processed.</doc>
<status status="PASS" starttime="20251116 14:15:16.323" endtime="20251116 14:15:16.325"/>
</kw>
<kw name="Write Data" library="SerialLibrary">
<arg>${cmd}${NEWLINE}</arg>
<doc>Writes data into the port.</doc>
<status status="PASS" starttime="20251116 14:15:16.325" endtime="20251116 14:15:16.326"/>
</kw>
<kw name="Sleep" library="BuiltIn">
<arg>0.5s</arg>
<doc>Pauses the test executed for the given time.</doc>
<msg timestamp="20251116 14:15:16.828" level="INFO">Slept 500 milliseconds</msg>
<status status="PASS" starttime="20251116 14:15:16.327" endtime="20251116 14:15:16.828"/>
</kw>
<kw name="Log To Console" library="BuiltIn">
<arg>Sent: ${cmd}</arg>
<doc>Logs the given message to the console.</doc>
<status status="PASS" starttime="20251116 14:15:16.828" endtime="20251116 14:15:16.829"/>
</kw>
<status status="PASS" starttime="20251116 14:15:16.322" endtime="20251116 14:15:16.830"/>
</kw>
<kw name="Read Response">
<var>${resp}</var>
<kw name="Read Until" library="SerialLibrary">
<var>${resp}</var>
<arg>${NEWLINE}</arg>
<arg>timeout=${timeout}</arg>
<doc>Read until a termination sequence is found, size exceeded or timeout.</doc>
<msg timestamp="20251116 14:15:16.833" level="INFO">${resp} = OK: Temp set to  17.0 C (MANUAL)
</msg>
<status status="PASS" starttime="20251116 14:15:16.831" endtime="20251116 14:15:16.833"/>
</kw>
<kw name="Strip String" library="String">
<var>${resp}</var>
<arg>${resp}</arg>
<doc>Remove leading and/or trailing whitespaces from the given string.</doc>
<msg timestamp="20251116 14:15:16.834" level="INFO">${resp} = OK: Temp set to  17.0 C (MANUAL)</msg>
<status status="PASS" starttime="20251116 14:15:16.833" endtime="20251116 14:15:16.834"/>
</kw>
<kw name="Replace String" library="String">
<var>${resp}</var>
<arg>${resp}</arg>
<arg>\r</arg>
<arg>${EMPTY}</arg>
<doc>Replaces ``search_for`` in the given ``string`` with ``replace_with``.</doc>
<msg timestamp="20251116 14:15:16.835" level="INFO">${resp} = OK: Temp set to  17.0 C (MANUAL)</msg>
<status status="PASS" starttime="20251116 14:15:16.834" endtime="20251116 14:15:16.835"/>
</kw>
<kw name="Log To Console" library="BuiltIn">
<arg>Received: ${resp}</arg>
<doc>Logs the given message to the console.</doc>
<status status="PASS" starttime="20251116 14:15:16.835" endtime="20251116 14:15:16.836"/>
</kw>
<msg timestamp="20251116 14:15:16.836" level="INFO">${resp} = OK: Temp set to  17.0 C (MANUAL)</msg>
<status status="PASS" starttime="20251116 14:15:16.831" endtime="20251116 14:15:16.837"/>
</kw>
<kw name="Verify Status">
<arg>ON</arg>
<arg>OFF</arg>
<arg>OFF</arg>
<kw name="Get Status">
<var>${status}</var>
<kw name="Send Command">
<arg>get_status</arg>
<kw name="Flush Port" library="SerialLibrary">
<arg>${PORT}</arg>
<doc>Flush port so that all waiting data is processed.</doc>
<status status="PASS" starttime="20251116 14:15:16.840" endtime="20251116 14:15:16.840"/>
</kw>
<kw name="Write Data" library="SerialLibrary">
<arg>${cmd}${NEWLINE}</arg>
<doc>Writes data into the port.</doc>
<status status="PASS" starttime="20251116 14:15:16.840" endtime="20251116 14:15:16.841"/>
</kw>
<kw name="Sleep" library="BuiltIn">
<arg>0.5s</arg>
<doc>Pauses the test executed for the given time.</doc>
<msg timestamp="20251116 14:15:17.342" level="INFO">Slept 500 milliseconds</msg>
<status status="PASS" starttime="20251116 14:15:16.841" endtime="20251116 14:15:17.343"/>
</kw>
<kw name="Log To Console" library="BuiltIn">
<arg>Sent: ${cmd}</arg>
<doc>Logs the given message to the console.</doc>
<status status="PASS" starttime="20251116 14:15:17.343" endtime="20251116 14:15:17.344"/>
</kw>
<status status="PASS" starttime="20251116 14:15:16.839" endtime="20251116 14:15:17.344"/>
</kw>
<kw name="Read Response">
<var>${resp}</var>
<kw name="Read Until" library="SerialLibrary">
<var>${resp}</var>
<arg>${NEWLINE}</arg>
<arg>timeout=${timeout}</arg>
<doc>Read until a termination sequence is found, size exceeded or timeout.</doc>
<msg timestamp="20251116 14:15:17.347" level="INFO">${resp} = LED_STATUS: BLUE=ONRED=OFFFAN_AND_BUZZER=OFF
</msg>
<status status="PASS" starttime="20251116 14:15:17.345" endtime="20251116 14:15:17.347"/>
</kw>
<kw name="Strip String" library="String">
<var>${resp}</var>
<arg>${resp}</arg>
<doc>Remove leading and/or trailing whitespaces from the given string.</doc>
<msg timestamp="20251116 14:15:17.348" level="INFO">${resp} = LED_STATUS: BLUE=ONRED=OFFFAN_AND_BUZZER=OFF</msg>
<status status="PASS" starttime="20251116 14:15:17.347" endtime="20251116 14:15:17.348"/>
</kw>
<kw name="Replace String" library="String">
<var>${resp}</var>
<arg>${resp}</arg>
<arg>\r</arg>
<arg>${EMPTY}</arg>
<doc>Replaces ``search_for`` in the given ``string`` with ``replace_with``.</doc>
<msg timestamp="20251116 14:15:17.349" level="INFO">${resp} = LED_STATUS: BLUE=ONRED=OFFFAN_AND_BUZZER=OFF</msg>
<status status="PASS" starttime="20251116 14:15:17.348" endtime="20251116 14:15:17.349"/>
</kw>
<kw name="Log To Console" library="BuiltIn">
<arg>Received: ${resp}</arg>
<doc>Logs the given message to the console.</doc>
<status status="PASS" starttime="20251116 14:15:17.349" endtime="20251116 14:15:17.350"/>
</kw>
<msg timestamp="20251116 14:15:17.351" level="INFO">${resp} = LED_STATUS: BLUE=ONRED=OFFFAN_AND_BUZZER=OFF</msg>
<status status="PASS" starttime="20251116 14:15:17.344" endtime="20251116 14:15:17.351"/>
</kw>
<msg timestamp="20251116 14:15:17.351" level="INFO">${status} = LED_STATUS: BLUE=ONRED=OFFFAN_AND_BUZZER=OFF</msg>
<status status="PASS" starttime="20251116 14:15:16.838" endtime="20251116 14:15:17.351"/>
</kw>
<kw name="Should Contain" library="BuiltIn">
<arg>${status}</arg>
<arg>BLUE=${expected_blue}</arg>
<doc>Fails if ``container`` does not contain ``item`` one or more times.</doc>
<status status="PASS" starttime="20251116 14:15:17.352" endtime="20251116 14:15:17.352"/>
</kw>
<kw name="Should Contain" library="BuiltIn">
<arg>${status}</arg>
<arg>RED=${expected_red}</arg>
<doc>Fails if ``container`` does not contain ``item`` one or more times.</doc>
<status status="PASS" starttime="20251116 14:15:17.353" endtime="20251116 14:15:17.354"/>
</kw>
<kw name="Should Contain" library="BuiltIn">
<arg>${status}</arg>
<arg>FAN_AND_BUZZER=${expected_fan_buzzer}</arg>
<doc>Fails if ``container`` does not contain ``item`` one or more times.</doc>
<status status="PASS" starttime="20251116 14:15:17.354" endtime="20251116 14:15:17.354"/>
</kw>
<status status="PASS" starttime="20251116 14:15:16.838" endtime="20251116 14:15:17.354"/>
</kw>
<status status="PASS" starttime="20251116 14:15:16.321" endtime="20251116 14:15:17.355"/>
</test>
<test id="s1-t12" name="12 Blue LED Turns On At Exact Low Limit" line="138">
<kw name="Send Command">
<arg>set_low=20</arg>
<kw name="Flush Port" library="SerialLibrary">
<arg>${PORT}</arg>
<doc>Flush port so that all waiting data is processed.</doc>
<status status="PASS" starttime="20251116 14:15:17.361" endtime="20251116 14:15:17.362"/>
</kw>
<kw name="Write Data" library="SerialLibrary">
<arg>${cmd}${NEWLINE}</arg>
<doc>Writes data into the port.</doc>
<status status="PASS" starttime="20251116 14:15:17.362" endtime="20251116 14:15:17.363"/>
</kw>
<kw name="Sleep" library="BuiltIn">
<arg>0.5s</arg>
<doc>Pauses the test executed for the given time.</doc>
<msg timestamp="20251116 14:15:17.866" level="INFO">Slept 500 milliseconds</msg>
<status status="PASS" starttime="20251116 14:15:17.364" endtime="20251116 14:15:17.866"/>
</kw>
<kw name="Log To Console" library="BuiltIn">
<arg>Sent: ${cmd}</arg>
<doc>Logs the given message to the console.</doc>
<status status="PASS" starttime="20251116 14:15:17.866" endtime="20251116 14:15:17.867"/>
</kw>
<status status="PASS" starttime="20251116 14:15:17.360" endtime="20251116 14:15:17.867"/>
</kw>
<kw name="Read Response">
<var>${resp}</var>
<kw name="Read Until" library="SerialLibrary">
<var>${resp}</var>
<arg>${NEWLINE}</arg>
<arg>timeout=${timeout}</arg>
<doc>Read until a termination sequence is found, size exceeded or timeout.</doc>
<msg timestamp="20251116 14:15:17.869" level="INFO">${resp} = OK
</msg>
<status status="PASS" starttime="20251116 14:15:17.868" endtime="20251116 14:15:17.869"/>
</kw>
<kw name="Strip String" library="String">
<var>${resp}</var>
<arg>${resp}</arg>
<doc>Remove leading and/or trailing whitespaces from the given string.</doc>
<msg timestamp="20251116 14:15:17.870" level="INFO">${resp} = OK</msg>
<status status="PASS" starttime="20251116 14:15:17.869" endtime="20251116 14:15:17.870"/>
</kw>
<kw name="Replace String" library="String">
<var>${resp}</var>
<arg>${resp}</arg>
<arg>\r</arg>
<arg>${EMPTY}</arg>
<doc>Replaces ``search_for`` in the given ``string`` with ``replace_with``.</doc>
<msg timestamp="20251116 14:15:17.871" level="INFO">${resp} = OK</msg>
<status status="PASS" starttime="20251116 14:15:17.870" endtime="20251116 14:15:17.871"/>
</kw>
<kw name="Log To Console" library="BuiltIn">
<arg>Received: ${resp}</arg>
<doc>Logs the given message to the console.</doc>
<status status="PASS" starttime="20251116 14:15:17.871" endtime="20251116 14:15:17.872"/>
</kw>
<msg timestamp="20251116 14:15:17.873" level="INFO">${resp} = OK</msg>
<status status="PASS" starttime="20251116 14:15:17.868" endtime="20251116 14:15:17.873"/>
</kw>
<while condition="&quot;OK&quot; not in $resp">
<iter>
<kw name="Read Response">
<var>${resp}</var>
<status status="NOT RUN" starttime="20251116 14:15:17.875" endtime="20251116 14:15:17.875"/>
</kw>
<status status="NOT RUN" starttime="20251116 14:15:17.874" endtime="20251116 14:15:17.875"/>
</iter>
<status status="NOT RUN" starttime="20251116 14:15:17.874" endtime="20251116 14:15:17.875"/>
</while>
<kw name="Send Command">
<arg>set_temp=20</arg>
<kw name="Flush Port" library="SerialLibrary">
<arg>${PORT}</arg>
<doc>Flush port so that all waiting data is processed.</doc>
<status status="PASS" starttime="20251116 14:15:17.877" endtime="20251116 14:15:17.878"/>
</kw>
<kw name="Write Data" library="SerialLibrary">
<arg>${cmd}${NEWLINE}</arg>
<doc>Writes data into the port.</doc>
<status status="PASS" starttime="20251116 14:15:17.879" endtime="20251116 14:15:17.881"/>
</kw>
<kw name="Sleep" library="BuiltIn">
<arg>0.5s</arg>
<doc>Pauses the test executed for the given time.</doc>
<msg timestamp="20251116 14:15:18.382" level="INFO">Slept 500 milliseconds</msg>
<status status="PASS" starttime="20251116 14:15:17.881" endtime="20251116 14:15:18.382"/>
</kw>
<kw name="Log To Console" library="BuiltIn">
<arg>Sent: ${cmd}</arg>
<doc>Logs the given message to the console.</doc>
<status status="PASS" starttime="20251116 14:15:18.383" endtime="20251116 14:15:18.384"/>
</kw>
<status status="PASS" starttime="20251116 14:15:17.876" endtime="20251116 14:15:18.384"/>
</kw>
<kw name="Read Response">
<var>${resp}</var>
<kw name="Read Until" library="SerialLibrary">
<var>${resp}</var>
<arg>${NEWLINE}</arg>
<arg>timeout=${timeout}</arg>
<doc>Read until a termination sequence is found, size exceeded or timeout.</doc>
<msg timestamp="20251116 14:15:18.388" level="INFO">${resp} = OK: Temp set to  20.0 C (MANUAL)
</msg>
<status status="PASS" starttime="20251116 14:15:18.385" endtime="20251116 14:15:18.388"/>
</kw>
<kw name="Strip String" library="String">
<var>${resp}</var>
<arg>${resp}</arg>
<doc>Remove leading and/or trailing whitespaces from the given string.</doc>
<msg timestamp="20251116 14:15:18.389" level="INFO">${resp} = OK: Temp set to  20.0 C (MANUAL)</msg>
<status status="PASS" starttime="20251116 14:15:18.389" endtime="20251116 14:15:18.389"/>
</kw>
<kw name="Replace String" library="String">
<var>${resp}</var>
<arg>${resp}</arg>
<arg>\r</arg>
<arg>${EMPTY}</arg>
<doc>Replaces ``search_for`` in the given ``string`` with ``replace_with``.</doc>
<msg timestamp="20251116 14:15:18.390" level="INFO">${resp} = OK: Temp set to  20.0 C (MANUAL)</msg>
<status status="PASS" starttime="20251116 14:15:18.389" endtime="20251116 14:15:18.390"/>
</kw>
<kw name="Log To Console" library="BuiltIn">
<arg>Received: ${resp}</arg>
<doc>Logs the given message to the console.</doc>
<status status="PASS" starttime="20251116 14:15:18.390" endtime="20251116 14:15:18.392"/>
</kw>
<msg timestamp="20251116 14:15:18.392" level="INFO">${resp} = OK: Temp set to  20.0 C (MANUAL)</msg>
<status status="PASS" starttime="20251116 14:15:18.385" endtime="20251116 14:15:18.392"/>
</kw>
<kw name="Verify Status">
<arg>ON</arg>
<arg>OFF</arg>
<arg>OFF</arg>
<kw name="Get Status">
<var>${status}</var>
<kw name="Send Command">
<arg>get_status</arg>
<kw name="Flush Port" library="SerialLibrary">
<arg>${PORT}</arg>
<doc>Flush port so that all waiting data is processed.</doc>
<status status="PASS" starttime="20251116 14:15:18.395" endtime="20251116 14:15:18.396"/>
</kw>
<kw name="Write Data" library="SerialLibrary">
<arg>${cmd}${NEWLINE}</arg>
<doc>Writes data into the port.</doc>
<status status="PASS" starttime="20251116 14:15:18.396" endtime="20251116 14:15:18.397"/>
</kw>
<kw name="Sleep" library="BuiltIn">
<arg>0.5s</arg>
<doc>Pauses the test executed for the given time.</doc>
<msg timestamp="20251116 14:15:18.899" level="INFO">Slept 500 milliseconds</msg>
<status status="PASS" starttime="20251116 14:15:18.398" endtime="20251116 14:15:18.899"/>
</kw>
<kw name="Log To Console" library="BuiltIn">
<arg>Sent: ${cmd}</arg>
<doc>Logs the given message to the console.</doc>
<status status="PASS" starttime="20251116 14:15:18.899" endtime="20251116 14:15:18.905"/>
</kw>
<status status="PASS" starttime="20251116 14:15:18.394" endtime="20251116 14:15:18.905"/>
</kw>
<kw name="Read Response">
<var>${resp}</var>
<kw name="Read Until" library="SerialLibrary">
<var>${resp}</var>
<arg>${NEWLINE}</arg>
<arg>timeout=${timeout}</arg>
<doc>Read until a termination sequence is found, size exceeded or timeout.</doc>
<msg timestamp="20251116 14:15:18.910" level="INFO">${resp} = LED_STATUS: BLUE=ONRED=OFFFAN_AND_BUZZER=OFF
</msg>
<status status="PASS" starttime="20251116 14:15:18.906" endtime="20251116 14:15:18.910"/>
</kw>
<kw name="Strip String" library="String">
<var>${resp}</var>
<arg>${resp}</arg>
<doc>Remove leading and/or trailing whitespaces from the given string.</doc>
<msg timestamp="20251116 14:15:18.911" level="INFO">${resp} = LED_STATUS: BLUE=ONRED=OFFFAN_AND_BUZZER=OFF</msg>
<status status="PASS" starttime="20251116 14:15:18.910" endtime="20251116 14:15:18.911"/>
</kw>
<kw name="Replace String" library="String">
<var>${resp}</var>
<arg>${resp}</arg>
<arg>\r</arg>
<arg>${EMPTY}</arg>
<doc>Replaces ``search_for`` in the given ``string`` with ``replace_with``.</doc>
<msg timestamp="20251116 14:15:18.914" level="INFO">${resp} = LED_STATUS: BLUE=ONRED=OFFFAN_AND_BUZZER=OFF</msg>
<status status="PASS" starttime="20251116 14:15:18.911" endtime="20251116 14:15:18.914"/>
</kw>
<kw name="Log To Console" library="BuiltIn">
<arg>Received: ${resp}</arg>
<doc>Logs the given message to the console.</doc>
<status status="PASS" starttime="20251116 14:15:18.914" endtime="20251116 14:15:18.915"/>
</kw>
<msg timestamp="20251116 14:15:18.916" level="INFO">${resp} = LED_STATUS: BLUE=ONRED=OFFFAN_AND_BUZZER=OFF</msg>
<status status="PASS" starttime="20251116 14:15:18.905" endtime="20251116 14:15:18.916"/>
</kw>
<msg timestamp="20251116 14:15:18.916" level="INFO">${status} = LED_STATUS: BLUE=ONRED=OFFFAN_AND_BUZZER=OFF</msg>
<status status="PASS" starttime="20251116 14:15:18.394" endtime="20251116 14:15:18.916"/>
</kw>
<kw name="Should Contain" library="BuiltIn">
<arg>${status}</arg>
<arg>BLUE=${expected_blue}</arg>
<doc>Fails if ``container`` does not contain ``item`` one or more times.</doc>
<status status="PASS" starttime="20251116 14:15:18.916" endtime="20251116 14:15:18.917"/>
</kw>
<kw name="Should Contain" library="BuiltIn">
<arg>${status}</arg>
<arg>RED=${expected_red}</arg>
<doc>Fails if ``container`` does not contain ``item`` one or more times.</doc>
<status status="PASS" starttime="20251116 14:15:18.917" endtime="20251116 14:15:18.917"/>
</kw>
<kw name="Should Contain" library="BuiltIn">
<arg>${status}</arg>
<arg>FAN_AND_BUZZER=${expected_fan_buzzer}</arg>
<doc>Fails if ``container`` does not contain ``item`` one or more times.</doc>
<status status="PASS" starttime="20251116 14:15:18.917" endtime="20251116 14:15:18.918"/>
</kw>
<status status="PASS" starttime="20251116 14:15:18.393" endtime="20251116 14:15:18.918"/>
</kw>
<status status="PASS" starttime="20251116 14:15:17.359" endtime="20251116 14:15:18.918"/>
</test>
<test id="s1-t13" name="13 Blue LED Off above Low Limit" line="149">
<kw name="Send Command">
<arg>set_temp=21</arg>
<kw name="Flush Port" library="SerialLibrary">
<arg>${PORT}</arg>
<doc>Flush port so that all waiting data is processed.</doc>
<status status="PASS" starttime="20251116 14:15:18.923" endtime="20251116 14:15:18.924"/>
</kw>
<kw name="Write Data" library="SerialLibrary">
<arg>${cmd}${NEWLINE}</arg>
<doc>Writes data into the port.</doc>
<status status="PASS" starttime="20251116 14:15:18.924" endtime="20251116 14:15:18.926"/>
</kw>
<kw name="Sleep" library="BuiltIn">
<arg>0.5s</arg>
<doc>Pauses the test executed for the given time.</doc>
<msg timestamp="20251116 14:15:19.427" level="INFO">Slept 500 milliseconds</msg>
<status status="PASS" starttime="20251116 14:15:18.926" endtime="20251116 14:15:19.427"/>
</kw>
<kw name="Log To Console" library="BuiltIn">
<arg>Sent: ${cmd}</arg>
<doc>Logs the given message to the console.</doc>
<status status="PASS" starttime="20251116 14:15:19.428" endtime="20251116 14:15:19.428"/>
</kw>
<status status="PASS" starttime="20251116 14:15:18.923" endtime="20251116 14:15:19.429"/>
</kw>
<kw name="Read Response">
<var>${resp}</var>
<kw name="Read Until" library="SerialLibrary">
<var>${resp}</var>
<arg>${NEWLINE}</arg>
<arg>timeout=${timeout}</arg>
<doc>Read until a termination sequence is found, size exceeded or timeout.</doc>
<msg timestamp="20251116 14:15:19.433" level="INFO">${resp} = OK: Temp set to  21.0 C (MANUAL)
</msg>
<status status="PASS" starttime="20251116 14:15:19.430" endtime="20251116 14:15:19.434"/>
</kw>
<kw name="Strip String" library="String">
<var>${resp}</var>
<arg>${resp}</arg>
<doc>Remove leading and/or trailing whitespaces from the given string.</doc>
<msg timestamp="20251116 14:15:19.434" level="INFO">${resp} = OK: Temp set to  21.0 C (MANUAL)</msg>
<status status="PASS" starttime="20251116 14:15:19.434" endtime="20251116 14:15:19.434"/>
</kw>
<kw name="Replace String" library="String">
<var>${resp}</var>
<arg>${resp}</arg>
<arg>\r</arg>
<arg>${EMPTY}</arg>
<doc>Replaces ``search_for`` in the given ``string`` with ``replace_with``.</doc>
<msg timestamp="20251116 14:15:19.436" level="INFO">${resp} = OK: Temp set to  21.0 C (MANUAL)</msg>
<status status="PASS" starttime="20251116 14:15:19.435" endtime="20251116 14:15:19.436"/>
</kw>
<kw name="Log To Console" library="BuiltIn">
<arg>Received: ${resp}</arg>
<doc>Logs the given message to the console.</doc>
<status status="PASS" starttime="20251116 14:15:19.436" endtime="20251116 14:15:19.437"/>
</kw>
<msg timestamp="20251116 14:15:19.438" level="INFO">${resp} = OK: Temp set to  21.0 C (MANUAL)</msg>
<status status="PASS" starttime="20251116 14:15:19.430" endtime="20251116 14:15:19.438"/>
</kw>
<kw name="Verify Status">
<arg>OFF</arg>
<arg>OFF</arg>
<arg>OFF</arg>
<kw name="Get Status">
<var>${status}</var>
<kw name="Send Command">
<arg>get_status</arg>
<kw name="Flush Port" library="SerialLibrary">
<arg>${PORT}</arg>
<doc>Flush port so that all waiting data is processed.</doc>
<status status="PASS" starttime="20251116 14:15:19.445" endtime="20251116 14:15:19.445"/>
</kw>
<kw name="Write Data" library="SerialLibrary">
<arg>${cmd}${NEWLINE}</arg>
<doc>Writes data into the port.</doc>
<status status="PASS" starttime="20251116 14:15:19.445" endtime="20251116 14:15:19.446"/>
</kw>
<kw name="Sleep" library="BuiltIn">
<arg>0.5s</arg>
<doc>Pauses the test executed for the given time.</doc>
<msg timestamp="20251116 14:15:19.947" level="INFO">Slept 500 milliseconds</msg>
<status status="PASS" starttime="20251116 14:15:19.446" endtime="20251116 14:15:19.947"/>
</kw>
<kw name="Log To Console" library="BuiltIn">
<arg>Sent: ${cmd}</arg>
<doc>Logs the given message to the console.</doc>
<status status="PASS" starttime="20251116 14:15:19.948" endtime="20251116 14:15:19.948"/>
</kw>
<status status="PASS" starttime="20251116 14:15:19.443" endtime="20251116 14:15:19.948"/>
</kw>
<kw name="Read Response">
<var>${resp}</var>
<kw name="Read Until" library="SerialLibrary">
<var>${resp}</var>
<arg>${NEWLINE}</arg>
<arg>timeout=${timeout}</arg>
<doc>Read until a termination sequence is found, size exceeded or timeout.</doc>
<msg timestamp="20251116 14:15:19.953" level="INFO">${resp} = LED_STATUS: BLUE=OFFRED=OFFFAN_AND_BUZZER=OFF
</msg>
<status status="PASS" starttime="20251116 14:15:19.949" endtime="20251116 14:15:19.953"/>
</kw>
<kw name="Strip String" library="String">
<var>${resp}</var>
<arg>${resp}</arg>
<doc>Remove leading and/or trailing whitespaces from the given string.</doc>
<msg timestamp="20251116 14:15:19.953" level="INFO">${resp} = LED_STATUS: BLUE=OFFRED=OFFFAN_AND_BUZZER=OFF</msg>
<status status="PASS" starttime="20251116 14:15:19.953" endtime="20251116 14:15:19.953"/>
</kw>
<kw name="Replace String" library="String">
<var>${resp}</var>
<arg>${resp}</arg>
<arg>\r</arg>
<arg>${EMPTY}</arg>
<doc>Replaces ``search_for`` in the given ``string`` with ``replace_with``.</doc>
<msg timestamp="20251116 14:15:19.954" level="INFO">${resp} = LED_STATUS: BLUE=OFFRED=OFFFAN_AND_BUZZER=OFF</msg>
<status status="PASS" starttime="20251116 14:15:19.953" endtime="20251116 14:15:19.955"/>
</kw>
<kw name="Log To Console" library="BuiltIn">
<arg>Received: ${resp}</arg>
<doc>Logs the given message to the console.</doc>
<status status="PASS" starttime="20251116 14:15:19.955" endtime="20251116 14:15:19.955"/>
</kw>
<msg timestamp="20251116 14:15:19.956" level="INFO">${resp} = LED_STATUS: BLUE=OFFRED=OFFFAN_AND_BUZZER=OFF</msg>
<status status="PASS" starttime="20251116 14:15:19.949" endtime="20251116 14:15:19.956"/>
</kw>
<msg timestamp="20251116 14:15:19.957" level="INFO">${status} = LED_STATUS: BLUE=OFFRED=OFFFAN_AND_BUZZER=OFF</msg>
<status status="PASS" starttime="20251116 14:15:19.441" endtime="20251116 14:15:19.957"/>
</kw>
<kw name="Should Contain" library="BuiltIn">
<arg>${status}</arg>
<arg>BLUE=${expected_blue}</arg>
<doc>Fails if ``container`` does not contain ``item`` one or more times.</doc>
<status status="PASS" starttime="20251116 14:15:19.957" endtime="20251116 14:15:19.958"/>
</kw>
<kw name="Should Contain" library="BuiltIn">
<arg>${status}</arg>
<arg>RED=${expected_red}</arg>
<doc>Fails if ``container`` does not contain ``item`` one or more times.</doc>
<status status="PASS" starttime="20251116 14:15:19.958" endtime="20251116 14:15:19.959"/>
</kw>
<kw name="Should Contain" library="BuiltIn">
<arg>${status}</arg>
<arg>FAN_AND_BUZZER=${expected_fan_buzzer}</arg>
<doc>Fails if ``container`` does not contain ``item`` one or more times.</doc>
<status status="PASS" starttime="20251116 14:15:19.959" endtime="20251116 14:15:19.960"/>
</kw>
<status status="PASS" starttime="20251116 14:15:19.440" endtime="20251116 14:15:19.960"/>
</kw>
<status status="PASS" starttime="20251116 14:15:18.921" endtime="20251116 14:15:19.961"/>
</test>
<test id="s1-t14" name="14 Red LED, Fan and Buzzer ON Above High Limit" line="154">
<kw name="Send Command">
<arg>set_temp=36</arg>
<kw name="Flush Port" library="SerialLibrary">
<arg>${PORT}</arg>
<doc>Flush port so that all waiting data is processed.</doc>
<status status="PASS" starttime="20251116 14:15:19.966" endtime="20251116 14:15:19.966"/>
</kw>
<kw name="Write Data" library="SerialLibrary">
<arg>${cmd}${NEWLINE}</arg>
<doc>Writes data into the port.</doc>
<status status="PASS" starttime="20251116 14:15:19.967" endtime="20251116 14:15:19.969"/>
</kw>
<kw name="Sleep" library="BuiltIn">
<arg>0.5s</arg>
<doc>Pauses the test executed for the given time.</doc>
<msg timestamp="20251116 14:15:20.472" level="INFO">Slept 500 milliseconds</msg>
<status status="PASS" starttime="20251116 14:15:19.970" endtime="20251116 14:15:20.472"/>
</kw>
<kw name="Log To Console" library="BuiltIn">
<arg>Sent: ${cmd}</arg>
<doc>Logs the given message to the console.</doc>
<status status="PASS" starttime="20251116 14:15:20.472" endtime="20251116 14:15:20.473"/>
</kw>
<status status="PASS" starttime="20251116 14:15:19.965" endtime="20251116 14:15:20.474"/>
</kw>
<kw name="Read Response">
<var>${resp}</var>
<kw name="Read Until" library="SerialLibrary">
<var>${resp}</var>
<arg>${NEWLINE}</arg>
<arg>timeout=${timeout}</arg>
<doc>Read until a termination sequence is found, size exceeded or timeout.</doc>
<msg timestamp="20251116 14:15:20.477" level="INFO">${resp} = OK: Temp set to  36.0 C (MANUAL)
</msg>
<status status="PASS" starttime="20251116 14:15:20.475" endtime="20251116 14:15:20.477"/>
</kw>
<kw name="Strip String" library="String">
<var>${resp}</var>
<arg>${resp}</arg>
<doc>Remove leading and/or trailing whitespaces from the given string.</doc>
<msg timestamp="20251116 14:15:20.478" level="INFO">${resp} = OK: Temp set to  36.0 C (MANUAL)</msg>
<status status="PASS" starttime="20251116 14:15:20.478" endtime="20251116 14:15:20.478"/>
</kw>
<kw name="Replace String" library="String">
<var>${resp}</var>
<arg>${resp}</arg>
<arg>\r</arg>
<arg>${EMPTY}</arg>
<doc>Replaces ``search_for`` in the given ``string`` with ``replace_with``.</doc>
<msg timestamp="20251116 14:15:20.479" level="INFO">${resp} = OK: Temp set to  36.0 C (MANUAL)</msg>
<status status="PASS" starttime="20251116 14:15:20.478" endtime="20251116 14:15:20.479"/>
</kw>
<kw name="Log To Console" library="BuiltIn">
<arg>Received: ${resp}</arg>
<doc>Logs the given message to the console.</doc>
<status status="PASS" starttime="20251116 14:15:20.479" endtime="20251116 14:15:20.480"/>
</kw>
<msg timestamp="20251116 14:15:20.480" level="INFO">${resp} = OK: Temp set to  36.0 C (MANUAL)</msg>
<status status="PASS" starttime="20251116 14:15:20.474" endtime="20251116 14:15:20.480"/>
</kw>
<kw name="Verify Status">
<arg>OFF</arg>
<arg>ON</arg>
<arg>ON</arg>
<kw name="Get Status">
<var>${status}</var>
<kw name="Send Command">
<arg>get_status</arg>
<kw name="Flush Port" library="SerialLibrary">
<arg>${PORT}</arg>
<doc>Flush port so that all waiting data is processed.</doc>
<status status="PASS" starttime="20251116 14:15:20.490" endtime="20251116 14:15:20.491"/>
</kw>
<kw name="Write Data" library="SerialLibrary">
<arg>${cmd}${NEWLINE}</arg>
<doc>Writes data into the port.</doc>
<status status="PASS" starttime="20251116 14:15:20.491" endtime="20251116 14:15:20.492"/>
</kw>
<kw name="Sleep" library="BuiltIn">
<arg>0.5s</arg>
<doc>Pauses the test executed for the given time.</doc>
<msg timestamp="20251116 14:15:20.993" level="INFO">Slept 500 milliseconds</msg>
<status status="PASS" starttime="20251116 14:15:20.492" endtime="20251116 14:15:20.994"/>
</kw>
<kw name="Log To Console" library="BuiltIn">
<arg>Sent: ${cmd}</arg>
<doc>Logs the given message to the console.</doc>
<status status="PASS" starttime="20251116 14:15:20.994" endtime="20251116 14:15:20.995"/>
</kw>
<status status="PASS" starttime="20251116 14:15:20.483" endtime="20251116 14:15:20.995"/>
</kw>
<kw name="Read Response">
<var>${resp}</var>
<kw name="Read Until" library="SerialLibrary">
<var>${resp}</var>
<arg>${NEWLINE}</arg>
<arg>timeout=${timeout}</arg>
<doc>Read until a termination sequence is found, size exceeded or timeout.</doc>
<msg timestamp="20251116 14:15:20.998" level="INFO">${resp} = LED_STATUS: BLUE=OFFRED=ONFAN_AND_BUZZER=ON
</msg>
<status status="PASS" starttime="20251116 14:15:20.996" endtime="20251116 14:15:20.998"/>
</kw>
<kw name="Strip String" library="String">
<var>${resp}</var>
<arg>${resp}</arg>
<doc>Remove leading and/or trailing whitespaces from the given string.</doc>
<msg timestamp="20251116 14:15:20.999" level="INFO">${resp} = LED_STATUS: BLUE=OFFRED=ONFAN_AND_BUZZER=ON</msg>
<status status="PASS" starttime="20251116 14:15:20.999" endtime="20251116 14:15:20.999"/>
</kw>
<kw name="Replace String" library="String">
<var>${resp}</var>
<arg>${resp}</arg>
<arg>\r</arg>
<arg>${EMPTY}</arg>
<doc>Replaces ``search_for`` in the given ``string`` with ``replace_with``.</doc>
<msg timestamp="20251116 14:15:21.000" level="INFO">${resp} = LED_STATUS: BLUE=OFFRED=ONFAN_AND_BUZZER=ON</msg>
<status status="PASS" starttime="20251116 14:15:20.999" endtime="20251116 14:15:21.000"/>
</kw>
<kw name="Log To Console" library="BuiltIn">
<arg>Received: ${resp}</arg>
<doc>Logs the given message to the console.</doc>
<status status="PASS" starttime="20251116 14:15:21.001" endtime="20251116 14:15:21.001"/>
</kw>
<msg timestamp="20251116 14:15:21.002" level="INFO">${resp} = LED_STATUS: BLUE=OFFRED=ONFAN_AND_BUZZER=ON</msg>
<status status="PASS" starttime="20251116 14:15:20.995" endtime="20251116 14:15:21.002"/>
</kw>
<msg timestamp="20251116 14:15:21.002" level="INFO">${status} = LED_STATUS: BLUE=OFFRED=ONFAN_AND_BUZZER=ON</msg>
<status status="PASS" starttime="20251116 14:15:20.483" endtime="20251116 14:15:21.002"/>
</kw>
<kw name="Should Contain" library="BuiltIn">
<arg>${status}</arg>
<arg>BLUE=${expected_blue}</arg>
<doc>Fails if ``container`` does not contain ``item`` one or more times.</doc>
<status status="PASS" starttime="20251116 14:15:21.003" endtime="20251116 14:15:21.004"/>
</kw>
<kw name="Should Contain" library="BuiltIn">
<arg>${status}</arg>
<arg>RED=${expected_red}</arg>
<doc>Fails if ``container`` does not contain ``item`` one or more times.</doc>
<status status="PASS" starttime="20251116 14:15:21.004" endtime="20251116 14:15:21.005"/>
</kw>
<kw name="Should Contain" library="BuiltIn">
<arg>${status}</arg>
<arg>FAN_AND_BUZZER=${expected_fan_buzzer}</arg>
<doc>Fails if ``container`` does not contain ``item`` one or more times.</doc>
<status status="PASS" starttime="20251116 14:15:21.005" endtime="20251116 14:15:21.006"/>
</kw>
<status status="PASS" starttime="20251116 14:15:20.481" endtime="20251116 14:15:21.006"/>
</kw>
<status status="PASS" starttime="20251116 14:15:19.964" endtime="20251116 14:15:21.010"/>
</test>
<test id="s1-t15" name="15 Red LED, Fan and Buzzer Turn On At Exact High Limit" line="159">
<kw name="Send Command">
<arg>set_low=20</arg>
<kw name="Flush Port" library="SerialLibrary">
<arg>${PORT}</arg>
<doc>Flush port so that all waiting data is processed.</doc>
<status status="PASS" starttime="20251116 14:15:21.013" endtime="20251116 14:15:21.014"/>
</kw>
<kw name="Write Data" library="SerialLibrary">
<arg>${cmd}${NEWLINE}</arg>
<doc>Writes data into the port.</doc>
<status status="PASS" starttime="20251116 14:15:21.014" endtime="20251116 14:15:21.015"/>
</kw>
<kw name="Sleep" library="BuiltIn">
<arg>0.5s</arg>
<doc>Pauses the test executed for the given time.</doc>
<msg timestamp="20251116 14:15:21.516" level="INFO">Slept 500 milliseconds</msg>
<status status="PASS" starttime="20251116 14:15:21.015" endtime="20251116 14:15:21.516"/>
</kw>
<kw name="Log To Console" library="BuiltIn">
<arg>Sent: ${cmd}</arg>
<doc>Logs the given message to the console.</doc>
<status status="PASS" starttime="20251116 14:15:21.517" endtime="20251116 14:15:21.518"/>
</kw>
<status status="PASS" starttime="20251116 14:15:21.013" endtime="20251116 14:15:21.518"/>
</kw>
<kw name="Read Response">
<var>${resp}</var>
<kw name="Read Until" library="SerialLibrary">
<var>${resp}</var>
<arg>${NEWLINE}</arg>
<arg>timeout=${timeout}</arg>
<doc>Read until a termination sequence is found, size exceeded or timeout.</doc>
<msg timestamp="20251116 14:15:21.520" level="INFO">${resp} = OK
</msg>
<status status="PASS" starttime="20251116 14:15:21.519" endtime="20251116 14:15:21.520"/>
</kw>
<kw name="Strip String" library="String">
<var>${resp}</var>
<arg>${resp}</arg>
<doc>Remove leading and/or trailing whitespaces from the given string.</doc>
<msg timestamp="20251116 14:15:21.520" level="INFO">${resp} = OK</msg>
<status status="PASS" starttime="20251116 14:15:21.520" endtime="20251116 14:15:21.520"/>
</kw>
<kw name="Replace String" library="String">
<var>${resp}</var>
<arg>${resp}</arg>
<arg>\r</arg>
<arg>${EMPTY}</arg>
<doc>Replaces ``search_for`` in the given ``string`` with ``replace_with``.</doc>
<msg timestamp="20251116 14:15:21.522" level="INFO">${resp} = OK</msg>
<status status="PASS" starttime="20251116 14:15:21.521" endtime="20251116 14:15:21.522"/>
</kw>
<kw name="Log To Console" library="BuiltIn">
<arg>Received: ${resp}</arg>
<doc>Logs the given message to the console.</doc>
<status status="PASS" starttime="20251116 14:15:21.522" endtime="20251116 14:15:21.523"/>
</kw>
<msg timestamp="20251116 14:15:21.523" level="INFO">${resp} = OK</msg>
<status status="PASS" starttime="20251116 14:15:21.518" endtime="20251116 14:15:21.523"/>
</kw>
<while condition="&quot;OK&quot; not in $resp">
<iter>
<kw name="Read Response">
<var>${resp}</var>
<status status="NOT RUN" starttime="20251116 14:15:21.525" endtime="20251116 14:15:21.525"/>
</kw>
<status status="NOT RUN" starttime="20251116 14:15:21.524" endtime="20251116 14:15:21.525"/>
</iter>
<status status="NOT RUN" starttime="20251116 14:15:21.524" endtime="20251116 14:15:21.526"/>
</while>
<kw name="Send Command">
<arg>set_high=30</arg>
<kw name="Flush Port" library="SerialLibrary">
<arg>${PORT}</arg>
<doc>Flush port so that all waiting data is processed.</doc>
<status status="PASS" starttime="20251116 14:15:21.527" endtime="20251116 14:15:21.528"/>
</kw>
<kw name="Write Data" library="SerialLibrary">
<arg>${cmd}${NEWLINE}</arg>
<doc>Writes data into the port.</doc>
<status status="PASS" starttime="20251116 14:15:21.529" endtime="20251116 14:15:21.531"/>
</kw>
<kw name="Sleep" library="BuiltIn">
<arg>0.5s</arg>
<doc>Pauses the test executed for the given time.</doc>
<msg timestamp="20251116 14:15:22.032" level="INFO">Slept 500 milliseconds</msg>
<status status="PASS" starttime="20251116 14:15:21.531" endtime="20251116 14:15:22.032"/>
</kw>
<kw name="Log To Console" library="BuiltIn">
<arg>Sent: ${cmd}</arg>
<doc>Logs the given message to the console.</doc>
<status status="PASS" starttime="20251116 14:15:22.033" endtime="20251116 14:15:22.034"/>
</kw>
<status status="PASS" starttime="20251116 14:15:21.526" endtime="20251116 14:15:22.034"/>
</kw>
<kw name="Read Response">
<var>${resp}</var>
<kw name="Read Until" library="SerialLibrary">
<var>${resp}</var>
<arg>${NEWLINE}</arg>
<arg>timeout=${timeout}</arg>
<doc>Read until a termination sequence is found, size exceeded or timeout.</doc>
[...]
<status status="PASS" starttime="20251116 14:15:26.670" endtime="20251116 14:15:26.671"/>
</kw>
<kw name="Replace String" library="String">
<var>${resp}</var>
<arg>${resp}</arg>
<arg>\r</arg>
<arg>${EMPTY}</arg>
<doc>Replaces ``search_for`` in the given ``string`` with ``replace_with``.</doc>
<msg timestamp="20251116 14:15:26.672" level="INFO">${resp} = OK: Temp set to  25.0 C (MANUAL)</msg>
<status status="PASS" starttime="20251116 14:15:26.671" endtime="20251116 14:15:26.672"/>
</kw>
<kw name="Log To Console" library="BuiltIn">
<arg>Received: ${resp}</arg>
<doc>Logs the given message to the console.</doc>
<status status="PASS" starttime="20251116 14:15:26.672" endtime="20251116 14:15:26.673"/>
</kw>
<msg timestamp="20251116 14:15:26.673" level="INFO">${resp} = OK: Temp set to  25.0 C (MANUAL)</msg>
<status status="PASS" starttime="20251116 14:15:26.668" endtime="20251116 14:15:26.674"/>
</kw>
<kw name="Verify Contains">
<arg>${resp}</arg>
<arg>OK</arg>
<kw name="Should Contain" library="BuiltIn">
<arg>${text}</arg>
<arg>${expected}</arg>
<doc>Fails if ``container`` does not contain ``item`` one or more times.</doc>
<status status="PASS" starttime="20251116 14:15:26.676" endtime="20251116 14:15:26.677"/>
</kw>
<status status="PASS" starttime="20251116 14:15:26.675" endtime="20251116 14:15:26.677"/>
</kw>
<kw name="Send Command">
<arg>read_lcd</arg>
<kw name="Flush Port" library="SerialLibrary">
<arg>${PORT}</arg>
<doc>Flush port so that all waiting data is processed.</doc>
<status status="PASS" starttime="20251116 14:15:26.678" endtime="20251116 14:15:26.679"/>
</kw>
<kw name="Write Data" library="SerialLibrary">
<arg>${cmd}${NEWLINE}</arg>
<doc>Writes data into the port.</doc>
<status status="PASS" starttime="20251116 14:15:26.679" endtime="20251116 14:15:26.681"/>
</kw>
<kw name="Sleep" library="BuiltIn">
<arg>0.5s</arg>
<doc>Pauses the test executed for the given time.</doc>
<msg timestamp="20251116 14:15:27.182" level="INFO">Slept 500 milliseconds</msg>
<status status="PASS" starttime="20251116 14:15:26.682" endtime="20251116 14:15:27.182"/>
</kw>
<kw name="Log To Console" library="BuiltIn">
<arg>Sent: ${cmd}</arg>
<doc>Logs the given message to the console.</doc>
<status status="PASS" starttime="20251116 14:15:27.182" endtime="20251116 14:15:27.183"/>
</kw>
<status status="PASS" starttime="20251116 14:15:26.677" endtime="20251116 14:15:27.183"/>
</kw>
<kw name="Read Response">
<var>${lcd}</var>
<kw name="Read Until" library="SerialLibrary">
<var>${resp}</var>
<arg>${NEWLINE}</arg>
<arg>timeout=${timeout}</arg>
<doc>Read until a termination sequence is found, size exceeded or timeout.</doc>
<msg timestamp="20251116 14:15:27.186" level="INFO">${resp} = LCD:Temp: 25      OK|LL:20 LH:30
</msg>
<status status="PASS" starttime="20251116 14:15:27.184" endtime="20251116 14:15:27.186"/>
</kw>
<kw name="Strip String" library="String">
<var>${resp}</var>
<arg>${resp}</arg>
<doc>Remove leading and/or trailing whitespaces from the given string.</doc>
<msg timestamp="20251116 14:15:27.186" level="INFO">${resp} = LCD:Temp: 25      OK|LL:20 LH:30</msg>
<status status="PASS" starttime="20251116 14:15:27.186" endtime="20251116 14:15:27.186"/>
</kw>
<kw name="Replace String" library="String">
<var>${resp}</var>
<arg>${resp}</arg>
<arg>\r</arg>
<arg>${EMPTY}</arg>
<doc>Replaces ``search_for`` in the given ``string`` with ``replace_with``.</doc>
<msg timestamp="20251116 14:15:27.187" level="INFO">${resp} = LCD:Temp: 25      OK|LL:20 LH:30</msg>
<status status="PASS" starttime="20251116 14:15:27.186" endtime="20251116 14:15:27.187"/>
</kw>
<kw name="Log To Console" library="BuiltIn">
<arg>Received: ${resp}</arg>
<doc>Logs the given message to the console.</doc>
<status status="PASS" starttime="20251116 14:15:27.187" endtime="20251116 14:15:27.188"/>
</kw>
<msg timestamp="20251116 14:15:27.188" level="INFO">${lcd} = LCD:Temp: 25      OK|LL:20 LH:30</msg>
<status status="PASS" starttime="20251116 14:15:27.184" endtime="20251116 14:15:27.188"/>
</kw>
<kw name="Should Contain" library="BuiltIn">
<arg>${lcd}</arg>
<arg>LCD:</arg>
<doc>Fails if ``container`` does not contain ``item`` one or more times.</doc>
<status status="PASS" starttime="20251116 14:15:27.189" endtime="20251116 14:15:27.189"/>
</kw>
<kw name="Should Contain" library="BuiltIn">
<arg>${lcd}</arg>
<arg>OK</arg>
<doc>Fails if ``container`` does not contain ``item`` one or more times.</doc>
<status status="PASS" starttime="20251116 14:15:27.190" endtime="20251116 14:15:27.190"/>
</kw>
<kw name="Should Contain" library="BuiltIn">
<arg>${lcd}</arg>
<arg>Temp: 25</arg>
<doc>Fails if ``container`` does not contain ``item`` one or more times.</doc>
<status status="PASS" starttime="20251116 14:15:27.191" endtime="20251116 14:15:27.191"/>
</kw>
<kw name="Send Command">
<arg>set_temp=15</arg>
<kw name="Flush Port" library="SerialLibrary">
<arg>${PORT}</arg>
<doc>Flush port so that all waiting data is processed.</doc>
<status status="PASS" starttime="20251116 14:15:27.192" endtime="20251116 14:15:27.193"/>
</kw>
<kw name="Write Data" library="SerialLibrary">
<arg>${cmd}${NEWLINE}</arg>
<doc>Writes data into the port.</doc>
<status status="PASS" starttime="20251116 14:15:27.193" endtime="20251116 14:15:27.193"/>
</kw>
<kw name="Sleep" library="BuiltIn">
<arg>0.5s</arg>
<doc>Pauses the test executed for the given time.</doc>
<msg timestamp="20251116 14:15:27.694" level="INFO">Slept 500 milliseconds</msg>
<status status="PASS" starttime="20251116 14:15:27.193" endtime="20251116 14:15:27.695"/>
</kw>
<kw name="Log To Console" library="BuiltIn">
<arg>Sent: ${cmd}</arg>
<doc>Logs the given message to the console.</doc>
<status status="PASS" starttime="20251116 14:15:27.695" endtime="20251116 14:15:27.696"/>
</kw>
<status status="PASS" starttime="20251116 14:15:27.192" endtime="20251116 14:15:27.696"/>
</kw>
<kw name="Read Response">
<var>${resp}</var>
<kw name="Read Until" library="SerialLibrary">
<var>${resp}</var>
<arg>${NEWLINE}</arg>
<arg>timeout=${timeout}</arg>
<doc>Read until a termination sequence is found, size exceeded or timeout.</doc>
<msg timestamp="20251116 14:15:27.700" level="INFO">${resp} = OK: Temp set to  15.0 C (MANUAL)
</msg>
<status status="PASS" starttime="20251116 14:15:27.698" endtime="20251116 14:15:27.701"/>
</kw>
<kw name="Strip String" library="String">
<var>${resp}</var>
<arg>${resp}</arg>
<doc>Remove leading and/or trailing whitespaces from the given string.</doc>
<msg timestamp="20251116 14:15:27.701" level="INFO">${resp} = OK: Temp set to  15.0 C (MANUAL)</msg>
<status status="PASS" starttime="20251116 14:15:27.701" endtime="20251116 14:15:27.701"/>
</kw>
<kw name="Replace String" library="String">
<var>${resp}</var>
<arg>${resp}</arg>
<arg>\r</arg>
<arg>${EMPTY}</arg>
<doc>Replaces ``search_for`` in the given ``string`` with ``replace_with``.</doc>
<msg timestamp="20251116 14:15:27.703" level="INFO">${resp} = OK: Temp set to  15.0 C (MANUAL)</msg>
<status status="PASS" starttime="20251116 14:15:27.702" endtime="20251116 14:15:27.703"/>
</kw>
<kw name="Log To Console" library="BuiltIn">
<arg>Received: ${resp}</arg>
<doc>Logs the given message to the console.</doc>
<status status="PASS" starttime="20251116 14:15:27.703" endtime="20251116 14:15:27.704"/>
</kw>
<msg timestamp="20251116 14:15:27.704" level="INFO">${resp} = OK: Temp set to  15.0 C (MANUAL)</msg>
<status status="PASS" starttime="20251116 14:15:27.697" endtime="20251116 14:15:27.704"/>
</kw>
<kw name="Verify Contains">
<arg>${resp}</arg>
<arg>OK</arg>
<kw name="Should Contain" library="BuiltIn">
<arg>${text}</arg>
<arg>${expected}</arg>
<doc>Fails if ``container`` does not contain ``item`` one or more times.</doc>
<status status="PASS" starttime="20251116 14:15:27.706" endtime="20251116 14:15:27.707"/>
</kw>
<status status="PASS" starttime="20251116 14:15:27.706" endtime="20251116 14:15:27.707"/>
</kw>
<kw name="Send Command">
<arg>read_lcd</arg>
<kw name="Flush Port" library="SerialLibrary">
<arg>${PORT}</arg>
<doc>Flush port so that all waiting data is processed.</doc>
<status status="PASS" starttime="20251116 14:15:27.709" endtime="20251116 14:15:27.709"/>
</kw>
<kw name="Write Data" library="SerialLibrary">
<arg>${cmd}${NEWLINE}</arg>
<doc>Writes data into the port.</doc>
<status status="PASS" starttime="20251116 14:15:27.709" endtime="20251116 14:15:27.710"/>
</kw>
<kw name="Sleep" library="BuiltIn">
<arg>0.5s</arg>
<doc>Pauses the test executed for the given time.</doc>
<msg timestamp="20251116 14:15:28.211" level="INFO">Slept 500 milliseconds</msg>
<status status="PASS" starttime="20251116 14:15:27.710" endtime="20251116 14:15:28.211"/>
</kw>
<kw name="Log To Console" library="BuiltIn">
<arg>Sent: ${cmd}</arg>
<doc>Logs the given message to the console.</doc>
<status status="PASS" starttime="20251116 14:15:28.212" endtime="20251116 14:15:28.212"/>
</kw>
<status status="PASS" starttime="20251116 14:15:27.708" endtime="20251116 14:15:28.213"/>
</kw>
<kw name="Read Response">
<var>${lcd}</var>
<kw name="Read Until" library="SerialLibrary">
<var>${resp}</var>
<arg>${NEWLINE}</arg>
<arg>timeout=${timeout}</arg>
<doc>Read until a termination sequence is found, size exceeded or timeout.</doc>
<msg timestamp="20251116 14:15:28.215" level="INFO">${resp} = LCD:Temp: 15     NOK|LL:20 LH:30
</msg>
<status status="PASS" starttime="20251116 14:15:28.214" endtime="20251116 14:15:28.215"/>
</kw>
<kw name="Strip String" library="String">
<var>${resp}</var>
<arg>${resp}</arg>
<doc>Remove leading and/or trailing whitespaces from the given string.</doc>
<msg timestamp="20251116 14:15:28.216" level="INFO">${resp} = LCD:Temp: 15     NOK|LL:20 LH:30</msg>
<status status="PASS" starttime="20251116 14:15:28.216" endtime="20251116 14:15:28.216"/>
</kw>
<kw name="Replace String" library="String">
<var>${resp}</var>
<arg>${resp}</arg>
<arg>\r</arg>
<arg>${EMPTY}</arg>
<doc>Replaces ``search_for`` in the given ``string`` with ``replace_with``.</doc>
<msg timestamp="20251116 14:15:28.218" level="INFO">${resp} = LCD:Temp: 15     NOK|LL:20 LH:30</msg>
<status status="PASS" starttime="20251116 14:15:28.216" endtime="20251116 14:15:28.218"/>
</kw>
<kw name="Log To Console" library="BuiltIn">
<arg>Received: ${resp}</arg>
<doc>Logs the given message to the console.</doc>
<status status="PASS" starttime="20251116 14:15:28.218" endtime="20251116 14:15:28.219"/>
</kw>
<msg timestamp="20251116 14:15:28.220" level="INFO">${lcd} = LCD:Temp: 15     NOK|LL:20 LH:30</msg>
<status status="PASS" starttime="20251116 14:15:28.213" endtime="20251116 14:15:28.220"/>
</kw>
<kw name="Should Contain" library="BuiltIn">
<arg>${lcd}</arg>
<arg>NOK</arg>
<doc>Fails if ``container`` does not contain ``item`` one or more times.</doc>
<status status="PASS" starttime="20251116 14:15:28.222" endtime="20251116 14:15:28.223"/>
</kw>
<kw name="Should Contain" library="BuiltIn">
<arg>${lcd}</arg>
<arg>Temp: 15</arg>
<doc>Fails if ``container`` does not contain ``item`` one or more times.</doc>
<status status="PASS" starttime="20251116 14:15:28.225" endtime="20251116 14:15:28.226"/>
</kw>
<kw name="Send Command">
<arg>set_temp=35</arg>
<kw name="Flush Port" library="SerialLibrary">
<arg>${PORT}</arg>
<doc>Flush port so that all waiting data is processed.</doc>
<status status="PASS" starttime="20251116 14:15:28.228" endtime="20251116 14:15:28.229"/>
</kw>
<kw name="Write Data" library="SerialLibrary">
<arg>${cmd}${NEWLINE}</arg>
<doc>Writes data into the port.</doc>
<status status="PASS" starttime="20251116 14:15:28.229" endtime="20251116 14:15:28.230"/>
</kw>
<kw name="Sleep" library="BuiltIn">
<arg>0.5s</arg>
<doc>Pauses the test executed for the given time.</doc>
<msg timestamp="20251116 14:15:28.732" level="INFO">Slept 500 milliseconds</msg>
<status status="PASS" starttime="20251116 14:15:28.230" endtime="20251116 14:15:28.732"/>
</kw>
<kw name="Log To Console" library="BuiltIn">
<arg>Sent: ${cmd}</arg>
<doc>Logs the given message to the console.</doc>
<status status="PASS" starttime="20251116 14:15:28.732" endtime="20251116 14:15:28.733"/>
</kw>
<status status="PASS" starttime="20251116 14:15:28.228" endtime="20251116 14:15:28.733"/>
</kw>
<kw name="Read Response">
<var>${resp}</var>
<kw name="Read Until" library="SerialLibrary">
<var>${resp}</var>
<arg>${NEWLINE}</arg>
<arg>timeout=${timeout}</arg>
<doc>Read until a termination sequence is found, size exceeded or timeout.</doc>
<msg timestamp="20251116 14:15:28.736" level="INFO">${resp} = OK: Temp set to  35.0 C (MANUAL)
</msg>
<status status="PASS" starttime="20251116 14:15:28.734" endtime="20251116 14:15:28.736"/>
</kw>
<kw name="Strip String" library="String">
<var>${resp}</var>
<arg>${resp}</arg>
<doc>Remove leading and/or trailing whitespaces from the given string.</doc>
<msg timestamp="20251116 14:15:28.737" level="INFO">${resp} = OK: Temp set to  35.0 C (MANUAL)</msg>
<status status="PASS" starttime="20251116 14:15:28.736" endtime="20251116 14:15:28.737"/>
</kw>
<kw name="Replace String" library="String">
<var>${resp}</var>
<arg>${resp}</arg>
<arg>\r</arg>
<arg>${EMPTY}</arg>
<doc>Replaces ``search_for`` in the given ``string`` with ``replace_with``.</doc>
<msg timestamp="20251116 14:15:28.738" level="INFO">${resp} = OK: Temp set to  35.0 C (MANUAL)</msg>
<status status="PASS" starttime="20251116 14:15:28.737" endtime="20251116 14:15:28.738"/>
</kw>
<kw name="Log To Console" library="BuiltIn">
<arg>Received: ${resp}</arg>
<doc>Logs the given message to the console.</doc>
<status status="PASS" starttime="20251116 14:15:28.738" endtime="20251116 14:15:28.739"/>
</kw>
<msg timestamp="20251116 14:15:28.740" level="INFO">${resp} = OK: Temp set to  35.0 C (MANUAL)</msg>
<status status="PASS" starttime="20251116 14:15:28.734" endtime="20251116 14:15:28.740"/>
</kw>
<kw name="Verify Contains">
<arg>${resp}</arg>
<arg>OK</arg>
<kw name="Should Contain" library="BuiltIn">
<arg>${text}</arg>
<arg>${expected}</arg>
<doc>Fails if ``container`` does not contain ``item`` one or more times.</doc>
<status status="PASS" starttime="20251116 14:15:28.742" endtime="20251116 14:15:28.742"/>
</kw>
<status status="PASS" starttime="20251116 14:15:28.741" endtime="20251116 14:15:28.743"/>
</kw>
<kw name="Send Command">
<arg>read_lcd</arg>
<kw name="Flush Port" library="SerialLibrary">
<arg>${PORT}</arg>
<doc>Flush port so that all waiting data is processed.</doc>
<status status="PASS" starttime="20251116 14:15:28.746" endtime="20251116 14:15:28.749"/>
</kw>
<kw name="Write Data" library="SerialLibrary">
<arg>${cmd}${NEWLINE}</arg>
<doc>Writes data into the port.</doc>
<status status="PASS" starttime="20251116 14:15:28.749" endtime="20251116 14:15:28.750"/>
</kw>
<kw name="Sleep" library="BuiltIn">
<arg>0.5s</arg>
<doc>Pauses the test executed for the given time.</doc>
<msg timestamp="20251116 14:15:29.251" level="INFO">Slept 500 milliseconds</msg>
<status status="PASS" starttime="20251116 14:15:28.750" endtime="20251116 14:15:29.252"/>
</kw>
<kw name="Log To Console" library="BuiltIn">
<arg>Sent: ${cmd}</arg>
<doc>Logs the given message to the console.</doc>
<status status="PASS" starttime="20251116 14:15:29.252" endtime="20251116 14:15:29.253"/>
</kw>
<status status="PASS" starttime="20251116 14:15:28.744" endtime="20251116 14:15:29.253"/>
</kw>
<kw name="Read Response">
<var>${lcd}</var>
<kw name="Read Until" library="SerialLibrary">
<var>${resp}</var>
<arg>${NEWLINE}</arg>
<arg>timeout=${timeout}</arg>
<doc>Read until a termination sequence is found, size exceeded or timeout.</doc>
<msg timestamp="20251116 14:15:29.257" level="INFO">${resp} = LCD:Temp: 35     NOK|LL:20 LH:30
</msg>
<status status="PASS" starttime="20251116 14:15:29.255" endtime="20251116 14:15:29.257"/>
</kw>
<kw name="Strip String" library="String">
<var>${resp}</var>
<arg>${resp}</arg>
<doc>Remove leading and/or trailing whitespaces from the given string.</doc>
<msg timestamp="20251116 14:15:29.257" level="INFO">${resp} = LCD:Temp: 35     NOK|LL:20 LH:30</msg>
<status status="PASS" starttime="20251116 14:15:29.257" endtime="20251116 14:15:29.257"/>
</kw>
<kw name="Replace String" library="String">
<var>${resp}</var>
<arg>${resp}</arg>
<arg>\r</arg>
<arg>${EMPTY}</arg>
<doc>Replaces ``search_for`` in the given ``string`` with ``replace_with``.</doc>
<msg timestamp="20251116 14:15:29.258" level="INFO">${resp} = LCD:Temp: 35     NOK|LL:20 LH:30</msg>
<status status="PASS" starttime="20251116 14:15:29.257" endtime="20251116 14:15:29.259"/>
</kw>
<kw name="Log To Console" library="BuiltIn">
<arg>Received: ${resp}</arg>
<doc>Logs the given message to the console.</doc>
<status status="PASS" starttime="20251116 14:15:29.259" endtime="20251116 14:15:29.259"/>
</kw>
<msg timestamp="20251116 14:15:29.260" level="INFO">${lcd} = LCD:Temp: 35     NOK|LL:20 LH:30</msg>
<status status="PASS" starttime="20251116 14:15:29.254" endtime="20251116 14:15:29.260"/>
</kw>
<kw name="Should Contain" library="BuiltIn">
<arg>${lcd}</arg>
<arg>NOK</arg>
<doc>Fails if ``container`` does not contain ``item`` one or more times.</doc>
<status status="PASS" starttime="20251116 14:15:29.261" endtime="20251116 14:15:29.262"/>
</kw>
<kw name="Should Contain" library="BuiltIn">
<arg>${lcd}</arg>
<arg>Temp: 35</arg>
<doc>Fails if ``container`` does not contain ``item`` one or more times.</doc>
<status status="PASS" starttime="20251116 14:15:29.263" endtime="20251116 14:15:29.263"/>
</kw>
<kw name="Send Command">
<arg>set_temp=25</arg>
<kw name="Flush Port" library="SerialLibrary">
<arg>${PORT}</arg>
<doc>Flush port so that all waiting data is processed.</doc>
<status status="PASS" starttime="20251116 14:15:29.266" endtime="20251116 14:15:29.267"/>
</kw>
<kw name="Write Data" library="SerialLibrary">
<arg>${cmd}${NEWLINE}</arg>
<doc>Writes data into the port.</doc>
<status status="PASS" starttime="20251116 14:15:29.267" endtime="20251116 14:15:29.268"/>
</kw>
<kw name="Sleep" library="BuiltIn">
<arg>0.5s</arg>
<doc>Pauses the test executed for the given time.</doc>
<msg timestamp="20251116 14:15:29.770" level="INFO">Slept 500 milliseconds</msg>
<status status="PASS" starttime="20251116 14:15:29.269" endtime="20251116 14:15:29.770"/>
</kw>
<kw name="Log To Console" library="BuiltIn">
<arg>Sent: ${cmd}</arg>
<doc>Logs the given message to the console.</doc>
<status status="PASS" starttime="20251116 14:15:29.770" endtime="20251116 14:15:29.771"/>
</kw>
<status status="PASS" starttime="20251116 14:15:29.264" endtime="20251116 14:15:29.771"/>
</kw>
<doc>Verify OK appears when temp is in range, NOK when out</doc>
<status status="PASS" starttime="20251116 14:15:24.124" endtime="20251116 14:15:29.772"/>
</test>
<kw name="Close Serial Connection" type="TEARDOWN">
<kw name="Delete All Ports" library="SerialLibrary">
<doc>Deletes all ports maintained in the library instance.</doc>
<status status="PASS" starttime="20251116 14:15:29.777" endtime="20251116 14:15:29.778"/>
</kw>
<kw name="Log To Console" library="BuiltIn">
<arg>Disconnected</arg>
<doc>Logs the given message to the console.</doc>
<status status="PASS" starttime="20251116 14:15:29.778" endtime="20251116 14:15:29.779"/>
</kw>
<status status="PASS" starttime="20251116 14:15:29.776" endtime="20251116 14:15:29.779"/>
</kw>
<doc>Human Machine Interface Test</doc>
<status status="PASS" starttime="20251116 14:14:41.480" endtime="20251116 14:15:29.779"/>
</suite>
<statistics>
<total>
<stat pass="17" fail="0" skip="0">All Tests</stat>
</total>
<tag>
</tag>
<suite>
<stat pass="17" fail="0" skip="0" id="s1" name="Test">Test</stat>
</suite>
</statistics>
<errors>
</errors>
</robot>
